{"/home/travis/build/npmtest/node-npmtest-pug-lint/test.js":{"path":"/home/travis/build/npmtest/node-npmtest-pug-lint/test.js","s":{"1":2,"2":2,"3":2,"4":2,"5":2,"6":2,"7":2,"8":1,"9":2,"10":2,"11":1,"12":1,"13":1,"14":1,"15":2,"16":2,"17":2,"18":2,"19":1,"20":1,"21":2,"22":2,"23":2,"24":1,"25":1,"26":1,"27":1,"28":1,"29":1,"30":1,"31":1,"32":1,"33":1,"34":1,"35":1,"36":1,"37":1,"38":1,"39":2,"40":2,"41":1,"42":2,"43":2,"44":1,"45":2,"46":2,"47":1,"48":2,"49":2,"50":1,"51":1,"52":1,"53":1,"54":1},"b":{"1":[2,1,1,1],"2":[1,1,1,1],"3":[1,1],"4":[1,1],"5":[1,1],"6":[1,1],"7":[1,1],"8":[1,1],"9":[1,1],"10":[1,1,1],"11":[1,1],"12":[1,1],"13":[1,1],"14":[1,1],"15":[1,1],"16":[1,1],"17":[1,1]},"f":{"1":2,"2":2,"3":2,"4":2,"5":2,"6":1,"7":1,"8":1,"9":2,"10":2,"11":2,"12":2,"13":1},"fnMap":{"1":{"name":"(anonymous_1)","line":12,"loc":{"start":{"line":12,"column":1},"end":{"line":12,"column":13}}},"2":{"name":"(anonymous_2)","line":19,"loc":{"start":{"line":19,"column":5},"end":{"line":19,"column":17}}},"3":{"name":"(anonymous_3)","line":23,"loc":{"start":{"line":23,"column":24},"end":{"line":23,"column":36}}},"4":{"name":"(anonymous_4)","line":61,"loc":{"start":{"line":61,"column":5},"end":{"line":61,"column":17}}},"5":{"name":"(anonymous_5)","line":82,"loc":{"start":{"line":82,"column":5},"end":{"line":82,"column":17}}},"6":{"name":"(anonymous_6)","line":91,"loc":{"start":{"line":91,"column":77},"end":{"line":94,"column":10}}},"7":{"name":"(anonymous_7)","line":112,"loc":{"start":{"line":112,"column":83},"end":{"line":115,"column":10}},"skip":true},"8":{"name":"(anonymous_8)","line":123,"loc":{"start":{"line":123,"column":77},"end":{"line":126,"column":10}},"skip":true},"9":{"name":"(anonymous_9)","line":139,"loc":{"start":{"line":139,"column":12},"end":{"line":139,"column":40}},"skip":true},"10":{"name":"(anonymous_10)","line":147,"loc":{"start":{"line":147,"column":77},"end":{"line":150,"column":10}},"skip":true},"11":{"name":"(anonymous_11)","line":158,"loc":{"start":{"line":158,"column":83},"end":{"line":161,"column":10}},"skip":true},"12":{"name":"(anonymous_12)","line":169,"loc":{"start":{"line":169,"column":79},"end":{"line":172,"column":10}},"skip":true},"13":{"name":"(anonymous_13)","line":180,"loc":{"start":{"line":180,"column":75},"end":{"line":183,"column":10}},"skip":true}},"statementMap":{"1":{"start":{"line":12,"column":0},"end":{"line":195,"column":5}},"2":{"start":{"line":14,"column":4},"end":{"line":14,"column":14}},"3":{"start":{"line":19,"column":4},"end":{"line":56,"column":9}},"4":{"start":{"line":21,"column":8},"end":{"line":21,"column":19}},"5":{"start":{"line":23,"column":8},"end":{"line":35,"column":13}},"6":{"start":{"line":24,"column":12},"end":{"line":34,"column":13}},"7":{"start":{"line":25,"column":16},"end":{"line":28,"column":30}},"8":{"start":{"line":30,"column":16},"end":{"line":33,"column":27}},"9":{"start":{"line":37,"column":8},"end":{"line":39,"column":21}},"10":{"start":{"line":40,"column":8},"end":{"line":53,"column":9}},"11":{"start":{"line":43,"column":12},"end":{"line":46,"column":14}},"12":{"start":{"line":47,"column":12},"end":{"line":47,"column":18}},"13":{"start":{"line":50,"column":12},"end":{"line":51,"column":33}},"14":{"start":{"line":52,"column":12},"end":{"line":52,"column":18}},"15":{"start":{"line":55,"column":8},"end":{"line":55,"column":35}},"16":{"start":{"line":61,"column":4},"end":{"line":63,"column":9}},"17":{"start":{"line":62,"column":8},"end":{"line":62,"column":15}},"18":{"start":{"line":64,"column":4},"end":{"line":77,"column":5}},"19":{"start":{"line":70,"column":8},"end":{"line":70,"column":14}},"20":{"start":{"line":76,"column":8},"end":{"line":76,"column":14}},"21":{"start":{"line":82,"column":4},"end":{"line":84,"column":9}},"22":{"start":{"line":83,"column":8},"end":{"line":83,"column":15}},"23":{"start":{"line":85,"column":4},"end":{"line":194,"column":5}},"24":{"start":{"line":91,"column":8},"end":{"line":99,"column":10}},"25":{"start":{"line":98,"column":12},"end":{"line":98,"column":35}},"26":{"start":{"line":102,"column":8},"end":{"line":104,"column":63}},"27":{"start":{"line":105,"column":8},"end":{"line":105,"column":14}},"28":{"start":{"line":112,"column":8},"end":{"line":121,"column":10},"skip":true},"29":{"start":{"line":119,"column":12},"end":{"line":119,"column":55},"skip":true},"30":{"start":{"line":120,"column":12},"end":{"line":120,"column":48},"skip":true},"31":{"start":{"line":123,"column":8},"end":{"line":136,"column":10},"skip":true},"32":{"start":{"line":130,"column":12},"end":{"line":130,"column":76},"skip":true},"33":{"start":{"line":131,"column":12},"end":{"line":131,"column":73},"skip":true},"34":{"start":{"line":132,"column":12},"end":{"line":132,"column":74},"skip":true},"35":{"start":{"line":133,"column":12},"end":{"line":133,"column":79},"skip":true},"36":{"start":{"line":134,"column":12},"end":{"line":134,"column":25},"skip":true},"37":{"start":{"line":135,"column":12},"end":{"line":135,"column":45},"skip":true},"38":{"start":{"line":138,"column":8},"end":{"line":145,"column":14},"skip":true},"39":{"start":{"line":143,"column":16},"end":{"line":143,"column":29},"skip":true},"40":{"start":{"line":144,"column":16},"end":{"line":144,"column":55},"skip":true},"41":{"start":{"line":147,"column":8},"end":{"line":156,"column":10},"skip":true},"42":{"start":{"line":154,"column":12},"end":{"line":154,"column":25},"skip":true},"43":{"start":{"line":155,"column":12},"end":{"line":155,"column":45},"skip":true},"44":{"start":{"line":158,"column":8},"end":{"line":167,"column":10},"skip":true},"45":{"start":{"line":165,"column":12},"end":{"line":165,"column":25},"skip":true},"46":{"start":{"line":166,"column":12},"end":{"line":166,"column":48},"skip":true},"47":{"start":{"line":169,"column":8},"end":{"line":178,"column":10},"skip":true},"48":{"start":{"line":176,"column":12},"end":{"line":176,"column":25},"skip":true},"49":{"start":{"line":177,"column":12},"end":{"line":177,"column":46},"skip":true},"50":{"start":{"line":180,"column":8},"end":{"line":189,"column":10},"skip":true},"51":{"start":{"line":187,"column":12},"end":{"line":187,"column":94},"skip":true},"52":{"start":{"line":188,"column":12},"end":{"line":188,"column":48},"skip":true},"53":{"start":{"line":192,"column":8},"end":{"line":192,"column":35},"skip":true},"54":{"start":{"line":193,"column":8},"end":{"line":193,"column":14},"skip":true}},"branchMap":{"1":{"line":25,"type":"binary-expr","locations":[{"start":{"line":25,"column":23},"end":{"line":25,"column":62}},{"start":{"line":26,"column":20},"end":{"line":26,"column":70}},{"start":{"line":27,"column":20},"end":{"line":27,"column":71}},{"start":{"line":28,"column":20},"end":{"line":28,"column":29}}]},"2":{"line":30,"type":"binary-expr","locations":[{"start":{"line":30,"column":23},"end":{"line":30,"column":37}},{"start":{"line":31,"column":20},"end":{"line":31,"column":61}},{"start":{"line":32,"column":20},"end":{"line":32,"column":70}},{"start":{"line":33,"column":20},"end":{"line":33,"column":26}}]},"3":{"line":37,"type":"cond-expr","locations":[{"start":{"line":38,"column":14},"end":{"line":38,"column":20}},{"start":{"line":39,"column":14},"end":{"line":39,"column":20}}]},"4":{"line":40,"type":"switch","locations":[{"start":{"line":42,"column":8},"end":{"line":47,"column":18}},{"start":{"line":49,"column":8},"end":{"line":52,"column":18}}]},"5":{"line":44,"type":"binary-expr","locations":[{"start":{"line":44,"column":16},"end":{"line":44,"column":44}},{"start":{"line":44,"column":48},"end":{"line":44,"column":66}}]},"6":{"line":50,"type":"binary-expr","locations":[{"start":{"line":50,"column":21},"end":{"line":50,"column":49}},{"start":{"line":50,"column":53},"end":{"line":50,"column":72}}]},"7":{"line":64,"type":"switch","locations":[{"start":{"line":69,"column":4},"end":{"line":70,"column":14}},{"start":{"line":75,"column":4},"end":{"line":76,"column":14}}]},"8":{"line":85,"type":"switch","locations":[{"start":{"line":90,"column":4},"end":{"line":105,"column":14}},{"start":{"line":111,"column":4},"end":{"line":193,"column":14},"skip":true}]},"9":{"line":91,"type":"binary-expr","locations":[{"start":{"line":91,"column":42},"end":{"line":91,"column":73}},{"start":{"line":91,"column":77},"end":{"line":99,"column":9}}]},"10":{"line":102,"type":"binary-expr","locations":[{"start":{"line":102,"column":18},"end":{"line":102,"column":32}},{"start":{"line":103,"column":12},"end":{"line":103,"column":53}},{"start":{"line":104,"column":12},"end":{"line":104,"column":61}}]},"11":{"line":112,"type":"binary-expr","locations":[{"start":{"line":112,"column":45},"end":{"line":112,"column":79},"skip":true},{"start":{"line":112,"column":83},"end":{"line":121,"column":9},"skip":true}]},"12":{"line":123,"type":"binary-expr","locations":[{"start":{"line":123,"column":42},"end":{"line":123,"column":73},"skip":true},{"start":{"line":123,"column":77},"end":{"line":136,"column":9},"skip":true}]},"13":{"line":138,"type":"binary-expr","locations":[{"start":{"line":138,"column":48},"end":{"line":138,"column":85},"skip":true},{"start":{"line":139,"column":12},"end":{"line":145,"column":13},"skip":true}]},"14":{"line":147,"type":"binary-expr","locations":[{"start":{"line":147,"column":42},"end":{"line":147,"column":73},"skip":true},{"start":{"line":147,"column":77},"end":{"line":156,"column":9},"skip":true}]},"15":{"line":158,"type":"binary-expr","locations":[{"start":{"line":158,"column":45},"end":{"line":158,"column":79},"skip":true},{"start":{"line":158,"column":83},"end":{"line":167,"column":9},"skip":true}]},"16":{"line":169,"type":"binary-expr","locations":[{"start":{"line":169,"column":43},"end":{"line":169,"column":75},"skip":true},{"start":{"line":169,"column":79},"end":{"line":178,"column":9},"skip":true}]},"17":{"line":180,"type":"binary-expr","locations":[{"start":{"line":180,"column":41},"end":{"line":180,"column":71},"skip":true},{"start":{"line":180,"column":75},"end":{"line":189,"column":9},"skip":true}]}},"code":["/* istanbul instrument in package npmtest_pug_lint */","/*jslint","    bitwise: true,","    browser: true,","    maxerr: 8,","    maxlen: 96,","    node: true,","    nomen: true,","    regexp: true,","    stupid: true","*/","(function () {","    'use strict';","    var local;","","","","    // run shared js-env code - pre-init","    (function () {","        // init local","        local = {};","        // init modeJs","        local.modeJs = (function () {","            try {","                return typeof navigator.userAgent === 'string' &&","                    typeof document.querySelector('body') === 'object' &&","                    typeof XMLHttpRequest.prototype.open === 'function' &&","                    'browser';","            } catch (errorCaughtBrowser) {","                return module.exports &&","                    typeof process.versions.node === 'string' &&","                    typeof require('http').createServer === 'function' &&","                    'node';","            }","        }());","        // init global","        local.global = local.modeJs === 'browser'","            ? window","            : global;","        switch (local.modeJs) {","        // re-init local from window.local","        case 'browser':","            local = local.global.utility2.objectSetDefault(","                local.global.utility2_rollup || local.global.local,","                local.global.utility2","            );","            break;","        // re-init local from example.js","        case 'node':","            local = (local.global.utility2_rollup || require('utility2'))","                .requireReadme();","            break;","        }","        // export local","        local.global.local = local;","    }());","","","","    // run shared js-env code - function","    (function () {","        return;","    }());","    switch (local.modeJs) {","","","","    // run browser js-env code - function","    case 'browser':","        break;","","","","    // run node js-env code - function","    case 'node':","        break;","    }","","","","    // run shared js-env code - post-init","    (function () {","        return;","    }());","    switch (local.modeJs) {","","","","    // run browser js-env code - post-init","    case 'browser':","        local.testCase_browser_nullCase = local.testCase_browser_nullCase || function (","            options,","            onError","        ) {","        /*","         * this function will test browsers's null-case handling-behavior-behavior","         */","            onError(null, options);","        };","","        // run tests","        local.nop(local.modeTest &&","            document.querySelector('#testRunButton1') &&","            document.querySelector('#testRunButton1').click());","        break;","","","","    // run node js-env code - post-init","    /* istanbul ignore next */","    case 'node':","        local.testCase_buildApidoc_default = local.testCase_buildApidoc_default || function (","            options,","            onError","        ) {","        /*","         * this function will test buildApidoc's default handling-behavior-behavior","         */","            options = { modulePathList: module.paths };","            local.buildApidoc(options, onError);","        };","","        local.testCase_buildApp_default = local.testCase_buildApp_default || function (","            options,","            onError","        ) {","        /*","         * this function will test buildApp's default handling-behavior-behavior","         */","            local.testCase_buildReadme_default(options, local.onErrorThrow);","            local.testCase_buildLib_default(options, local.onErrorThrow);","            local.testCase_buildTest_default(options, local.onErrorThrow);","            local.testCase_buildCustomOrg_default(options, local.onErrorThrow);","            options = [];","            local.buildApp(options, onError);","        };","","        local.testCase_buildCustomOrg_default = local.testCase_buildCustomOrg_default ||","            function (options, onError) {","            /*","             * this function will test buildCustomOrg's default handling-behavior","             */","                options = {};","                local.buildCustomOrg(options, onError);","            };","","        local.testCase_buildLib_default = local.testCase_buildLib_default || function (","            options,","            onError","        ) {","        /*","         * this function will test buildLib's default handling-behavior","         */","            options = {};","            local.buildLib(options, onError);","        };","","        local.testCase_buildReadme_default = local.testCase_buildReadme_default || function (","            options,","            onError","        ) {","        /*","         * this function will test buildReadme's default handling-behavior-behavior","         */","            options = {};","            local.buildReadme(options, onError);","        };","","        local.testCase_buildTest_default = local.testCase_buildTest_default || function (","            options,","            onError","        ) {","        /*","         * this function will test buildTest's default handling-behavior","         */","            options = {};","            local.buildTest(options, onError);","        };","","        local.testCase_webpage_default = local.testCase_webpage_default || function (","            options,","            onError","        ) {","        /*","         * this function will test webpage's default handling-behavior","         */","            options = { modeCoverageMerge: true, url: local.serverLocalHost + '?modeTest=1' };","            local.browserTest(options, onError);","        };","","        // run test-server","        local.testRunServer(local);","        break;","    }","}());",""],"l":{"12":2,"14":2,"19":2,"21":2,"23":2,"24":2,"25":2,"30":1,"37":2,"40":2,"43":1,"47":1,"50":1,"52":1,"55":2,"61":2,"62":2,"64":2,"70":1,"76":1,"82":2,"83":2,"85":2,"91":1,"98":1,"102":1,"105":1,"112":1,"119":1,"120":1,"123":1,"130":1,"131":1,"132":1,"133":1,"134":1,"135":1,"138":1,"143":2,"144":2,"147":1,"154":2,"155":2,"158":1,"165":2,"166":2,"169":1,"176":2,"177":2,"180":1,"187":1,"188":1,"192":1,"193":1}},"/home/travis/build/npmtest/node-npmtest-pug-lint/lib.npmtest_pug_lint.js":{"path":"/home/travis/build/npmtest/node-npmtest-pug-lint/lib.npmtest_pug_lint.js","s":{"1":2,"2":2,"3":2,"4":2,"5":2,"6":2,"7":2,"8":1,"9":2,"10":2,"11":2,"12":2,"13":1,"14":1,"15":1,"16":1},"b":{"1":[2,1,1,1],"2":[1,1,1,1],"3":[1,1],"4":[2,2],"5":[1,1]},"f":{"1":2,"2":2,"3":2},"fnMap":{"1":{"name":"(anonymous_1)","line":12,"loc":{"start":{"line":12,"column":1},"end":{"line":12,"column":13}}},"2":{"name":"(anonymous_2)","line":19,"loc":{"start":{"line":19,"column":5},"end":{"line":19,"column":17}}},"3":{"name":"(anonymous_3)","line":23,"loc":{"start":{"line":23,"column":24},"end":{"line":23,"column":36}}}},"statementMap":{"1":{"start":{"line":12,"column":0},"end":{"line":53,"column":5}},"2":{"start":{"line":14,"column":4},"end":{"line":14,"column":14}},"3":{"start":{"line":19,"column":4},"end":{"line":52,"column":9}},"4":{"start":{"line":21,"column":8},"end":{"line":21,"column":19}},"5":{"start":{"line":23,"column":8},"end":{"line":35,"column":13}},"6":{"start":{"line":24,"column":12},"end":{"line":34,"column":13}},"7":{"start":{"line":25,"column":16},"end":{"line":28,"column":30}},"8":{"start":{"line":30,"column":16},"end":{"line":33,"column":27}},"9":{"start":{"line":37,"column":8},"end":{"line":39,"column":21}},"10":{"start":{"line":41,"column":8},"end":{"line":41,"column":54}},"11":{"start":{"line":43,"column":8},"end":{"line":43,"column":53}},"12":{"start":{"line":45,"column":8},"end":{"line":51,"column":9}},"13":{"start":{"line":46,"column":12},"end":{"line":46,"column":59}},"14":{"start":{"line":48,"column":12},"end":{"line":48,"column":35}},"15":{"start":{"line":49,"column":12},"end":{"line":49,"column":49}},"16":{"start":{"line":50,"column":12},"end":{"line":50,"column":43}}},"branchMap":{"1":{"line":25,"type":"binary-expr","locations":[{"start":{"line":25,"column":23},"end":{"line":25,"column":62}},{"start":{"line":26,"column":20},"end":{"line":26,"column":70}},{"start":{"line":27,"column":20},"end":{"line":27,"column":71}},{"start":{"line":28,"column":20},"end":{"line":28,"column":29}}]},"2":{"line":30,"type":"binary-expr","locations":[{"start":{"line":30,"column":23},"end":{"line":30,"column":37}},{"start":{"line":31,"column":20},"end":{"line":31,"column":61}},{"start":{"line":32,"column":20},"end":{"line":32,"column":70}},{"start":{"line":33,"column":20},"end":{"line":33,"column":26}}]},"3":{"line":37,"type":"cond-expr","locations":[{"start":{"line":38,"column":14},"end":{"line":38,"column":20}},{"start":{"line":39,"column":14},"end":{"line":39,"column":20}}]},"4":{"line":41,"type":"binary-expr","locations":[{"start":{"line":41,"column":16},"end":{"line":41,"column":44}},{"start":{"line":41,"column":48},"end":{"line":41,"column":53}}]},"5":{"line":45,"type":"if","locations":[{"start":{"line":45,"column":8},"end":{"line":45,"column":8}},{"start":{"line":45,"column":8},"end":{"line":45,"column":8}}]}},"code":["/* istanbul instrument in package npmtest_pug_lint */","/*jslint","    bitwise: true,","    browser: true,","    maxerr: 8,","    maxlen: 96,","    node: true,","    nomen: true,","    regexp: true,","    stupid: true","*/","(function () {","    'use strict';","    var local;","","","","    // run shared js-env code - pre-init","    (function () {","        // init local","        local = {};","        // init modeJs","        local.modeJs = (function () {","            try {","                return typeof navigator.userAgent === 'string' &&","                    typeof document.querySelector('body') === 'object' &&","                    typeof XMLHttpRequest.prototype.open === 'function' &&","                    'browser';","            } catch (errorCaughtBrowser) {","                return module.exports &&","                    typeof process.versions.node === 'string' &&","                    typeof require('http').createServer === 'function' &&","                    'node';","            }","        }());","        // init global","        local.global = local.modeJs === 'browser'","            ? window","            : global;","        // init utility2_rollup","        local = local.global.utility2_rollup || local;","        // init lib","        local.local = local.npmtest_pug_lint = local;","        // init exports","        if (local.modeJs === 'browser') {","            local.global.utility2_npmtest_pug_lint = local;","        } else {","            module.exports = local;","            module.exports.__dirname = __dirname;","            module.exports.module = module;","        }","    }());","}());",""],"l":{"12":2,"14":2,"19":2,"21":2,"23":2,"24":2,"25":2,"30":1,"37":2,"41":2,"43":2,"45":2,"46":1,"48":1,"49":1,"50":1}},"/home/travis/build/npmtest/node-npmtest-pug-lint/example.js":{"path":"/home/travis/build/npmtest/node-npmtest-pug-lint/example.js","s":{"1":2,"2":2,"3":2,"4":2,"5":2,"6":2,"7":2,"8":1,"9":2,"10":2,"11":2,"12":2,"13":1,"14":2,"15":2,"16":2,"17":2,"18":2,"19":0,"20":2,"21":1,"22":1,"23":1,"24":1,"25":1,"26":0,"27":0,"28":1,"29":1,"30":2,"31":0,"32":0,"33":0,"34":1,"35":2,"36":2,"37":3,"38":3,"39":3,"40":3,"41":0,"42":3,"43":3,"44":3,"45":1,"46":3,"47":1,"48":1,"49":1,"50":1,"51":1,"52":1,"53":1,"54":1,"55":1,"56":1,"57":0,"58":1,"59":6,"60":6,"61":1,"62":2,"63":0,"64":2,"65":1,"66":1,"67":0,"68":0,"69":0,"70":0,"71":0,"72":0,"73":0,"74":0,"75":0,"76":0,"77":0,"78":0,"79":0,"80":0,"81":0,"82":0,"83":0},"b":{"1":[2,1,1,1],"2":[1,1,1,1],"3":[1,1],"4":[2,2],"5":[1,1],"6":[1,1],"7":[2,0],"8":[2,1,1,1,1,1],"9":[0,2,0],"10":[1,1],"11":[2,1,1],"12":[1,0],"13":[0,2],"14":[2,0,0,0,0,0,0],"15":[0,3],"16":[3,0],"17":[1,1],"18":[0,1],"19":[1,2,0,2],"20":[1,0],"21":[1,1],"22":[0,0],"23":[0,0],"24":[0,0],"25":[0,0],"26":[0,0],"27":[0,0],"28":[0,0]},"f":{"1":2,"2":2,"3":2,"4":2,"5":2,"6":2,"7":3,"8":3,"9":3,"10":1,"11":6,"12":0},"fnMap":{"1":{"name":"(anonymous_1)","line":26,"loc":{"start":{"line":26,"column":1},"end":{"line":26,"column":13}}},"2":{"name":"(anonymous_2)","line":33,"loc":{"start":{"line":33,"column":5},"end":{"line":33,"column":17}}},"3":{"name":"(anonymous_3)","line":37,"loc":{"start":{"line":37,"column":24},"end":{"line":37,"column":36}}},"4":{"name":"(anonymous_4)","line":69,"loc":{"start":{"line":69,"column":31},"end":{"line":69,"column":48}},"skip":true},"5":{"name":"(anonymous_5)","line":78,"loc":{"start":{"line":78,"column":26},"end":{"line":78,"column":45}},"skip":true},"6":{"name":"(anonymous_6)","line":123,"loc":{"start":{"line":123,"column":33},"end":{"line":123,"column":48}},"skip":true},"7":{"name":"(anonymous_7)","line":125,"loc":{"start":{"line":125,"column":27},"end":{"line":125,"column":39}},"skip":true},"8":{"name":"(anonymous_8)","line":133,"loc":{"start":{"line":133,"column":59},"end":{"line":133,"column":74}},"skip":true},"9":{"name":"(anonymous_9)","line":143,"loc":{"start":{"line":143,"column":45},"end":{"line":143,"column":62}},"skip":true},"10":{"name":"(anonymous_10)","line":144,"loc":{"start":{"line":144,"column":73},"end":{"line":144,"column":92}},"skip":true},"11":{"name":"(anonymous_11)","line":272,"loc":{"start":{"line":272,"column":51},"end":{"line":272,"column":77}},"skip":true},"12":{"name":"(anonymous_12)","line":315,"loc":{"start":{"line":315,"column":32},"end":{"line":315,"column":61}},"skip":true}},"statementMap":{"1":{"start":{"line":26,"column":0},"end":{"line":326,"column":5}},"2":{"start":{"line":28,"column":4},"end":{"line":28,"column":14}},"3":{"start":{"line":33,"column":4},"end":{"line":60,"column":9}},"4":{"start":{"line":35,"column":8},"end":{"line":35,"column":19}},"5":{"start":{"line":37,"column":8},"end":{"line":49,"column":13}},"6":{"start":{"line":38,"column":12},"end":{"line":48,"column":13}},"7":{"start":{"line":39,"column":16},"end":{"line":42,"column":30}},"8":{"start":{"line":44,"column":16},"end":{"line":47,"column":27}},"9":{"start":{"line":51,"column":8},"end":{"line":53,"column":21}},"10":{"start":{"line":55,"column":8},"end":{"line":57,"column":45}},"11":{"start":{"line":59,"column":8},"end":{"line":59,"column":35}},"12":{"start":{"line":61,"column":4},"end":{"line":325,"column":5}},"13":{"start":{"line":69,"column":8},"end":{"line":121,"column":10},"skip":true},"14":{"start":{"line":70,"column":12},"end":{"line":88,"column":13},"skip":true},"15":{"start":{"line":76,"column":16},"end":{"line":87,"column":19},"skip":true},"16":{"start":{"line":79,"column":20},"end":{"line":86,"column":21},"skip":true},"17":{"start":{"line":82,"column":24},"end":{"line":82,"column":43},"skip":true},"18":{"start":{"line":83,"column":24},"end":{"line":83,"column":30},"skip":true},"19":{"start":{"line":85,"column":24},"end":{"line":85,"column":49},"skip":true},"20":{"start":{"line":89,"column":12},"end":{"line":107,"column":13},"skip":true},"21":{"start":{"line":92,"column":16},"end":{"line":102,"column":17},"skip":true},"22":{"start":{"line":93,"column":20},"end":{"line":93,"column":86},"skip":true},"23":{"start":{"line":94,"column":20},"end":{"line":95,"column":45},"skip":true},"24":{"start":{"line":96,"column":20},"end":{"line":96,"column":42},"skip":true},"25":{"start":{"line":97,"column":20},"end":{"line":97,"column":48},"skip":true},"26":{"start":{"line":100,"column":20},"end":{"line":100,"column":85},"skip":true},"27":{"start":{"line":101,"column":20},"end":{"line":101,"column":96},"skip":true},"28":{"start":{"line":103,"column":16},"end":{"line":103,"column":22},"skip":true},"29":{"start":{"line":106,"column":16},"end":{"line":106,"column":22},"skip":true},"30":{"start":{"line":108,"column":12},"end":{"line":120,"column":13},"skip":true},"31":{"start":{"line":114,"column":16},"end":{"line":119,"column":17},"skip":true},"32":{"start":{"line":116,"column":20},"end":{"line":116,"column":78},"skip":true},"33":{"start":{"line":118,"column":20},"end":{"line":118,"column":47},"skip":true},"34":{"start":{"line":123,"column":8},"end":{"line":141,"column":11},"skip":true},"35":{"start":{"line":124,"column":12},"end":{"line":124,"column":54},"skip":true},"36":{"start":{"line":125,"column":12},"end":{"line":140,"column":14},"skip":true},"37":{"start":{"line":126,"column":16},"end":{"line":126,"column":28},"skip":true},"38":{"start":{"line":127,"column":16},"end":{"line":127,"column":69},"skip":true},"39":{"start":{"line":128,"column":16},"end":{"line":128,"column":75},"skip":true},"40":{"start":{"line":129,"column":16},"end":{"line":131,"column":17},"skip":true},"41":{"start":{"line":130,"column":20},"end":{"line":130,"column":27},"skip":true},"42":{"start":{"line":133,"column":16},"end":{"line":137,"column":36},"skip":true},"43":{"start":{"line":134,"column":20},"end":{"line":136,"column":55},"skip":true},"44":{"start":{"line":139,"column":16},"end":{"line":139,"column":57},"skip":true},"45":{"start":{"line":143,"column":8},"end":{"line":147,"column":11},"skip":true},"46":{"start":{"line":144,"column":12},"end":{"line":146,"column":15},"skip":true},"47":{"start":{"line":145,"column":16},"end":{"line":145,"column":70},"skip":true},"48":{"start":{"line":149,"column":8},"end":{"line":149,"column":31},"skip":true},"49":{"start":{"line":150,"column":8},"end":{"line":150,"column":14},"skip":true},"50":{"start":{"line":158,"column":8},"end":{"line":158,"column":31},"skip":true},"51":{"start":{"line":160,"column":8},"end":{"line":160,"column":33},"skip":true},"52":{"start":{"line":161,"column":8},"end":{"line":161,"column":37},"skip":true},"53":{"start":{"line":162,"column":8},"end":{"line":162,"column":35},"skip":true},"54":{"start":{"line":164,"column":8},"end":{"line":164,"column":50},"skip":true},"55":{"start":{"line":166,"column":8},"end":{"line":256,"column":2},"skip":true},"56":{"start":{"line":258,"column":8},"end":{"line":286,"column":9},"skip":true},"57":{"start":{"line":259,"column":12},"end":{"line":269,"column":14},"skip":true},"58":{"start":{"line":271,"column":12},"end":{"line":285,"column":19},"skip":true},"59":{"start":{"line":274,"column":20},"end":{"line":274,"column":35},"skip":true},"60":{"start":{"line":275,"column":20},"end":{"line":284,"column":21},"skip":true},"61":{"start":{"line":277,"column":24},"end":{"line":277,"column":64},"skip":true},"62":{"start":{"line":279,"column":24},"end":{"line":279,"column":40},"skip":true},"63":{"start":{"line":281,"column":24},"end":{"line":281,"column":40},"skip":true},"64":{"start":{"line":283,"column":24},"end":{"line":283,"column":39},"skip":true},"65":{"start":{"line":288,"column":8},"end":{"line":290,"column":9},"skip":true},"66":{"start":{"line":289,"column":12},"end":{"line":289,"column":18},"skip":true},"67":{"start":{"line":291,"column":8},"end":{"line":293,"column":54},"skip":true},"68":{"start":{"line":296,"column":8},"end":{"line":301,"column":37},"skip":true},"69":{"start":{"line":303,"column":8},"end":{"line":303,"column":82},"skip":true},"70":{"start":{"line":306,"column":8},"end":{"line":308,"column":9},"skip":true},"71":{"start":{"line":307,"column":12},"end":{"line":307,"column":82},"skip":true},"72":{"start":{"line":310,"column":8},"end":{"line":312,"column":9},"skip":true},"73":{"start":{"line":311,"column":12},"end":{"line":311,"column":18},"skip":true},"74":{"start":{"line":313,"column":8},"end":{"line":313,"column":54},"skip":true},"75":{"start":{"line":314,"column":8},"end":{"line":314,"column":69},"skip":true},"76":{"start":{"line":315,"column":8},"end":{"line":323,"column":36},"skip":true},"77":{"start":{"line":316,"column":12},"end":{"line":316,"column":61},"skip":true},"78":{"start":{"line":317,"column":12},"end":{"line":320,"column":13},"skip":true},"79":{"start":{"line":318,"column":16},"end":{"line":318,"column":75},"skip":true},"80":{"start":{"line":319,"column":16},"end":{"line":319,"column":23},"skip":true},"81":{"start":{"line":321,"column":12},"end":{"line":321,"column":38},"skip":true},"82":{"start":{"line":322,"column":12},"end":{"line":322,"column":27},"skip":true},"83":{"start":{"line":324,"column":8},"end":{"line":324,"column":14},"skip":true}},"branchMap":{"1":{"line":39,"type":"binary-expr","locations":[{"start":{"line":39,"column":23},"end":{"line":39,"column":62}},{"start":{"line":40,"column":20},"end":{"line":40,"column":70}},{"start":{"line":41,"column":20},"end":{"line":41,"column":71}},{"start":{"line":42,"column":20},"end":{"line":42,"column":29}}]},"2":{"line":44,"type":"binary-expr","locations":[{"start":{"line":44,"column":23},"end":{"line":44,"column":37}},{"start":{"line":45,"column":20},"end":{"line":45,"column":61}},{"start":{"line":46,"column":20},"end":{"line":46,"column":70}},{"start":{"line":47,"column":20},"end":{"line":47,"column":26}}]},"3":{"line":51,"type":"cond-expr","locations":[{"start":{"line":52,"column":14},"end":{"line":52,"column":20}},{"start":{"line":53,"column":14},"end":{"line":53,"column":20}}]},"4":{"line":55,"type":"binary-expr","locations":[{"start":{"line":55,"column":16},"end":{"line":55,"column":44}},{"start":{"line":55,"column":49},"end":{"line":57,"column":43}}]},"5":{"line":55,"type":"cond-expr","locations":[{"start":{"line":56,"column":14},"end":{"line":56,"column":52}},{"start":{"line":57,"column":14},"end":{"line":57,"column":43}}]},"6":{"line":61,"type":"switch","locations":[{"start":{"line":68,"column":4},"end":{"line":150,"column":14},"skip":true},{"start":{"line":156,"column":4},"end":{"line":324,"column":14},"skip":true}]},"7":{"line":70,"type":"if","locations":[{"start":{"line":70,"column":12},"end":{"line":70,"column":12},"skip":true},{"start":{"line":70,"column":12},"end":{"line":70,"column":12},"skip":true}]},"8":{"line":70,"type":"binary-expr","locations":[{"start":{"line":70,"column":16},"end":{"line":70,"column":22},"skip":true},{"start":{"line":70,"column":27},"end":{"line":70,"column":32},"skip":true},{"start":{"line":71,"column":20},"end":{"line":71,"column":39},"skip":true},{"start":{"line":72,"column":20},"end":{"line":72,"column":49},"skip":true},{"start":{"line":73,"column":20},"end":{"line":73,"column":58},"skip":true},{"start":{"line":74,"column":20},"end":{"line":74,"column":69},"skip":true}]},"9":{"line":79,"type":"switch","locations":[{"start":{"line":80,"column":20},"end":{"line":80,"column":33},"skip":true},{"start":{"line":81,"column":20},"end":{"line":83,"column":30},"skip":true},{"start":{"line":84,"column":20},"end":{"line":85,"column":49},"skip":true}]},"10":{"line":89,"type":"switch","locations":[{"start":{"line":90,"column":12},"end":{"line":103,"column":22},"skip":true},{"start":{"line":105,"column":12},"end":{"line":106,"column":22},"skip":true}]},"11":{"line":89,"type":"binary-expr","locations":[{"start":{"line":89,"column":20},"end":{"line":89,"column":25},"skip":true},{"start":{"line":89,"column":29},"end":{"line":89,"column":48},"skip":true},{"start":{"line":89,"column":52},"end":{"line":89,"column":74},"skip":true}]},"12":{"line":92,"type":"if","locations":[{"start":{"line":92,"column":16},"end":{"line":92,"column":16},"skip":true},{"start":{"line":92,"column":16},"end":{"line":92,"column":16},"skip":true}]},"13":{"line":108,"type":"if","locations":[{"start":{"line":108,"column":12},"end":{"line":108,"column":12},"skip":true},{"start":{"line":108,"column":12},"end":{"line":108,"column":12},"skip":true}]},"14":{"line":108,"type":"binary-expr","locations":[{"start":{"line":108,"column":16},"end":{"line":108,"column":61},"skip":true},{"start":{"line":108,"column":66},"end":{"line":108,"column":72},"skip":true},{"start":{"line":108,"column":77},"end":{"line":108,"column":82},"skip":true},{"start":{"line":109,"column":20},"end":{"line":109,"column":39},"skip":true},{"start":{"line":110,"column":20},"end":{"line":110,"column":49},"skip":true},{"start":{"line":111,"column":20},"end":{"line":111,"column":58},"skip":true},{"start":{"line":112,"column":20},"end":{"line":112,"column":68},"skip":true}]},"15":{"line":129,"type":"if","locations":[{"start":{"line":129,"column":16},"end":{"line":129,"column":16},"skip":true},{"start":{"line":129,"column":16},"end":{"line":129,"column":16},"skip":true}]},"16":{"line":134,"type":"cond-expr","locations":[{"start":{"line":135,"column":26},"end":{"line":135,"column":29},"skip":true},{"start":{"line":136,"column":26},"end":{"line":136,"column":54},"skip":true}]},"17":{"line":164,"type":"binary-expr","locations":[{"start":{"line":164,"column":27},"end":{"line":164,"column":43},"skip":true},{"start":{"line":164,"column":47},"end":{"line":164,"column":49},"skip":true}]},"18":{"line":258,"type":"if","locations":[{"start":{"line":258,"column":8},"end":{"line":258,"column":8},"skip":true},{"start":{"line":258,"column":8},"end":{"line":258,"column":8},"skip":true}]},"19":{"line":275,"type":"switch","locations":[{"start":{"line":276,"column":20},"end":{"line":277,"column":64},"skip":true},{"start":{"line":278,"column":20},"end":{"line":279,"column":40},"skip":true},{"start":{"line":280,"column":20},"end":{"line":281,"column":40},"skip":true},{"start":{"line":282,"column":20},"end":{"line":283,"column":39},"skip":true}]},"20":{"line":288,"type":"if","locations":[{"start":{"line":288,"column":8},"end":{"line":288,"column":8},"skip":true},{"start":{"line":288,"column":8},"end":{"line":288,"column":8},"skip":true}]},"21":{"line":288,"type":"binary-expr","locations":[{"start":{"line":288,"column":12},"end":{"line":288,"column":40},"skip":true},{"start":{"line":288,"column":44},"end":{"line":288,"column":67},"skip":true}]},"22":{"line":292,"type":"binary-expr","locations":[{"start":{"line":292,"column":12},"end":{"line":292,"column":50},"skip":true},{"start":{"line":293,"column":12},"end":{"line":293,"column":53},"skip":true}]},"23":{"line":297,"type":"binary-expr","locations":[{"start":{"line":297,"column":12},"end":{"line":297,"column":66},"skip":true},{"start":{"line":298,"column":12},"end":{"line":301,"column":36},"skip":true}]},"24":{"line":303,"type":"binary-expr","locations":[{"start":{"line":303,"column":43},"end":{"line":303,"column":75},"skip":true},{"start":{"line":303,"column":79},"end":{"line":303,"column":81},"skip":true}]},"25":{"line":306,"type":"if","locations":[{"start":{"line":306,"column":8},"end":{"line":306,"column":8},"skip":true},{"start":{"line":306,"column":8},"end":{"line":306,"column":8},"skip":true}]},"26":{"line":310,"type":"if","locations":[{"start":{"line":310,"column":8},"end":{"line":310,"column":8},"skip":true},{"start":{"line":310,"column":8},"end":{"line":310,"column":8},"skip":true}]},"27":{"line":313,"type":"binary-expr","locations":[{"start":{"line":313,"column":27},"end":{"line":313,"column":43},"skip":true},{"start":{"line":313,"column":47},"end":{"line":313,"column":53},"skip":true}]},"28":{"line":317,"type":"if","locations":[{"start":{"line":317,"column":12},"end":{"line":317,"column":12},"skip":true},{"start":{"line":317,"column":12},"end":{"line":317,"column":12},"skip":true}]}},"code":["/*","example.js","","quickstart example","","instruction","    1. save this script as example.js","    2. run the shell command:","        $ npm install npmtest-pug-lint && PORT=8081 node example.js","    3. play with the browser-demo on http://127.0.0.1:8081","*/","","","","/* istanbul instrument in package npmtest_pug_lint */","/*jslint","    bitwise: true,","    browser: true,","    maxerr: 8,","    maxlen: 96,","    node: true,","    nomen: true,","    regexp: true,","    stupid: true","*/","(function () {","    'use strict';","    var local;","","","","    // run shared js-env code - pre-init","    (function () {","        // init local","        local = {};","        // init modeJs","        local.modeJs = (function () {","            try {","                return typeof navigator.userAgent === 'string' &&","                    typeof document.querySelector('body') === 'object' &&","                    typeof XMLHttpRequest.prototype.open === 'function' &&","                    'browser';","            } catch (errorCaughtBrowser) {","                return module.exports &&","                    typeof process.versions.node === 'string' &&","                    typeof require('http').createServer === 'function' &&","                    'node';","            }","        }());","        // init global","        local.global = local.modeJs === 'browser'","            ? window","            : global;","        // init utility2_rollup","        local = local.global.utility2_rollup || (local.modeJs === 'browser'","            ? local.global.utility2_npmtest_pug_lint","            : global.utility2_moduleExports);","        // export local","        local.global.local = local;","    }());","    switch (local.modeJs) {","","","","    // post-init","    // run browser js-env code - post-init","    /* istanbul ignore next */","    case 'browser':","        local.testRunBrowser = function (event) {","            if (!event || (event &&","                    event.currentTarget &&","                    event.currentTarget.className &&","                    event.currentTarget.className.includes &&","                    event.currentTarget.className.includes('onreset'))) {","                // reset output","                Array.from(","                    document.querySelectorAll('body > .resettable')","                ).forEach(function (element) {","                    switch (element.tagName) {","                    case 'INPUT':","                    case 'TEXTAREA':","                        element.value = '';","                        break;","                    default:","                        element.textContent = '';","                    }","                });","            }","            switch (event && event.currentTarget && event.currentTarget.id) {","            case 'testRunButton1':","                // show tests","                if (document.querySelector('#testReportDiv1').style.display === 'none') {","                    document.querySelector('#testReportDiv1').style.display = 'block';","                    document.querySelector('#testRunButton1').textContent =","                        'hide internal test';","                    local.modeTest = true;","                    local.testRunDefault(local);","                // hide tests","                } else {","                    document.querySelector('#testReportDiv1').style.display = 'none';","                    document.querySelector('#testRunButton1').textContent = 'run internal test';","                }","                break;","            // custom-case","            default:","                break;","            }","            if (document.querySelector('#inputTextareaEval1') && (!event || (event &&","                    event.currentTarget &&","                    event.currentTarget.className &&","                    event.currentTarget.className.includes &&","                    event.currentTarget.className.includes('oneval')))) {","                // try to eval input-code","                try {","                    /*jslint evil: true*/","                    eval(document.querySelector('#inputTextareaEval1').value);","                } catch (errorCaught) {","                    console.error(errorCaught);","                }","            }","        };","        // log stderr and stdout to #outputTextareaStdout1","        ['error', 'log'].forEach(function (key) {","            console[key + '_original'] = console[key];","            console[key] = function () {","                var element;","                console[key + '_original'].apply(console, arguments);","                element = document.querySelector('#outputTextareaStdout1');","                if (!element) {","                    return;","                }","                // append text to #outputTextareaStdout1","                element.value += Array.from(arguments).map(function (arg) {","                    return typeof arg === 'string'","                        ? arg","                        : JSON.stringify(arg, null, 4);","                }).join(' ') + '\\n';","                // scroll textarea to bottom","                element.scrollTop = element.scrollHeight;","            };","        });","        // init event-handling","        ['change', 'click', 'keyup'].forEach(function (event) {","            Array.from(document.querySelectorAll('.on' + event)).forEach(function (element) {","                element.addEventListener(event, local.testRunBrowser);","            });","        });","        // run tests","        local.testRunBrowser();","        break;","","","","    // run node js-env code - post-init","    /* istanbul ignore next */","    case 'node':","        // export local","        module.exports = local;","        // require modules","        local.fs = require('fs');","        local.http = require('http');","        local.url = require('url');","        // init assets","        local.assetsDict = local.assetsDict || {};","        /* jslint-ignore-begin */","        local.assetsDict['/assets.index.template.html'] = '\\","<!doctype html>\\n\\","<html lang=\"en\">\\n\\","<head>\\n\\","<meta charset=\"UTF-8\">\\n\\","<meta name=\"viewport\" content=\"width=device-width, initial-scale=1\">\\n\\","<title>{{env.npm_package_name}} (v{{env.npm_package_version}})</title>\\n\\","<style>\\n\\","/*csslint\\n\\","    box-sizing: false,\\n\\","    universal-selector: false\\n\\","*/\\n\\","* {\\n\\","    box-sizing: border-box;\\n\\","}\\n\\","body {\\n\\","    background: #dde;\\n\\","    font-family: Arial, Helvetica, sans-serif;\\n\\","    margin: 2rem;\\n\\","}\\n\\","body > * {\\n\\","    margin-bottom: 1rem;\\n\\","}\\n\\",".utility2FooterDiv {\\n\\","    margin-top: 20px;\\n\\","    text-align: center;\\n\\","}\\n\\","</style>\\n\\","<style>\\n\\","/*csslint\\n\\","*/\\n\\","textarea {\\n\\","    font-family: monospace;\\n\\","    height: 10rem;\\n\\","    width: 100%;\\n\\","}\\n\\","textarea[readonly] {\\n\\","    background: #ddd;\\n\\","}\\n\\","</style>\\n\\","</head>\\n\\","<body>\\n\\","<!-- utility2-comment\\n\\","<div id=\"ajaxProgressDiv1\" style=\"background: #d00; height: 2px; left: 0; margin: 0; padding: 0; position: fixed; top: 0; transition: background 0.5s, width 1.5s; width: 25%;\"></div>\\n\\","utility2-comment -->\\n\\","<h1>\\n\\","<!-- utility2-comment\\n\\","    <a\\n\\","        {{#if env.npm_package_homepage}}\\n\\","        href=\"{{env.npm_package_homepage}}\"\\n\\","        {{/if env.npm_package_homepage}}\\n\\","        target=\"_blank\"\\n\\","    >\\n\\","utility2-comment -->\\n\\","        {{env.npm_package_name}} (v{{env.npm_package_version}})\\n\\","<!-- utility2-comment\\n\\","    </a>\\n\\","utility2-comment -->\\n\\","</h1>\\n\\","<h3>{{env.npm_package_description}}</h3>\\n\\","<!-- utility2-comment\\n\\","<h4><a download href=\"assets.app.js\">download standalone app</a></h4>\\n\\","<button class=\"onclick onreset\" id=\"testRunButton1\">run internal test</button><br>\\n\\","<div id=\"testReportDiv1\" style=\"display: none;\"></div>\\n\\","utility2-comment -->\\n\\","\\n\\","\\n\\","\\n\\","<label>stderr and stdout</label>\\n\\","<textarea class=\"resettable\" id=\"outputTextareaStdout1\" readonly></textarea>\\n\\","<!-- utility2-comment\\n\\","{{#if isRollup}}\\n\\","<script src=\"assets.app.js\"></script>\\n\\","{{#unless isRollup}}\\n\\","utility2-comment -->\\n\\","<script src=\"assets.utility2.rollup.js\"></script>\\n\\","<script src=\"jsonp.utility2._stateInit?callback=window.utility2._stateInit\"></script>\\n\\","<script src=\"assets.npmtest_pug_lint.rollup.js\"></script>\\n\\","<script src=\"assets.example.js\"></script>\\n\\","<script src=\"assets.test.js\"></script>\\n\\","<!-- utility2-comment\\n\\","{{/if isRollup}}\\n\\","utility2-comment -->\\n\\","<div class=\"utility2FooterDiv\">\\n\\","    [ this app was created with\\n\\","    <a href=\"https://github.com/kaizhu256/node-utility2\" target=\"_blank\">utility2</a>\\n\\","    ]\\n\\","</div>\\n\\","</body>\\n\\","</html>\\n\\","';","        /* jslint-ignore-end */","        if (local.templateRender) {","            local.assetsDict['/'] = local.templateRender(","                local.assetsDict['/assets.index.template.html'],","                {","                    env: local.objectSetDefault(local.env, {","                        npm_package_description: 'the greatest app in the world!',","                        npm_package_name: 'my-app',","                        npm_package_nameAlias: 'my_app',","                        npm_package_version: '0.0.1'","                    })","                }","            );","        } else {","            local.assetsDict['/'] = local.assetsDict['/assets.index.template.html']","                .replace((/\\{\\{env\\.(\\w+?)\\}\\}/g), function (match0, match1) {","                    // jslint-hack","                    String(match0);","                    switch (match1) {","                    case 'npm_package_description':","                        return 'the greatest app in the world!';","                    case 'npm_package_name':","                        return 'my-app';","                    case 'npm_package_nameAlias':","                        return 'my_app';","                    case 'npm_package_version':","                        return '0.0.1';","                    }","                });","        }","        // run the cli","        if (local.global.utility2_rollup || module !== require.main) {","            break;","        }","        local.assetsDict['/assets.example.js'] =","            local.assetsDict['/assets.example.js'] ||","            local.fs.readFileSync(__filename, 'utf8');","        // bug-workaround - long $npm_package_buildCustomOrg","        /* jslint-ignore-begin */","        local.assetsDict['/assets.npmtest_pug_lint.rollup.js'] =","            local.assetsDict['/assets.npmtest_pug_lint.rollup.js'] ||","            local.fs.readFileSync(","                local.npmtest_pug_lint.__dirname + '/lib.npmtest_pug_lint.js',","                'utf8'","            ).replace((/^#!/), '//');","        /* jslint-ignore-end */","        local.assetsDict['/favicon.ico'] = local.assetsDict['/favicon.ico'] || '';","        // if $npm_config_timeout_exit exists,","        // then exit this process after $npm_config_timeout_exit ms","        if (Number(process.env.npm_config_timeout_exit)) {","            setTimeout(process.exit, Number(process.env.npm_config_timeout_exit));","        }","        // start server","        if (local.global.utility2_serverHttp1) {","            break;","        }","        process.env.PORT = process.env.PORT || '8081';","        console.error('server starting on port ' + process.env.PORT);","        local.http.createServer(function (request, response) {","            request.urlParsed = local.url.parse(request.url);","            if (local.assetsDict[request.urlParsed.pathname] !== undefined) {","                response.end(local.assetsDict[request.urlParsed.pathname]);","                return;","            }","            response.statusCode = 404;","            response.end();","        }).listen(process.env.PORT);","        break;","    }","}());",""],"l":{"26":2,"28":2,"33":2,"35":2,"37":2,"38":2,"39":2,"44":1,"51":2,"55":2,"59":2,"61":2,"69":1,"70":2,"76":2,"79":2,"82":2,"83":2,"85":1,"89":2,"92":1,"93":1,"94":1,"96":1,"97":1,"100":1,"101":1,"103":1,"106":1,"108":2,"114":1,"116":1,"118":1,"123":1,"124":2,"125":2,"126":3,"127":3,"128":3,"129":3,"130":1,"133":3,"134":3,"139":3,"143":1,"144":3,"145":1,"149":1,"150":1,"158":1,"160":1,"161":1,"162":1,"164":1,"166":1,"258":1,"259":1,"271":1,"274":6,"275":6,"277":1,"279":2,"281":1,"283":2,"288":1,"289":1,"291":1,"296":1,"303":1,"306":1,"307":1,"310":1,"311":1,"313":1,"314":1,"315":1,"316":1,"317":1,"318":1,"319":1,"321":1,"322":1,"324":1}},"/home/travis/build/npmtest/node-npmtest-pug-lint/node_modules/pug-lint/lib/linter.js":{"path":"/home/travis/build/npmtest/node-npmtest-pug-lint/node_modules/pug-lint/lib/linter.js","s":{"1":1,"2":1,"3":1,"4":1,"5":1,"6":1,"7":1,"8":1,"9":1,"10":1,"11":1,"12":1,"13":0,"14":0,"15":0,"16":0,"17":1,"18":0,"19":0,"20":0,"21":0,"22":0,"23":0,"24":0,"25":0,"26":0,"27":0,"28":0,"29":0,"30":0,"31":0,"32":0,"33":0,"34":0,"35":0,"36":0,"37":0,"38":0,"39":0,"40":0,"41":0,"42":0,"43":0,"44":0,"45":0,"46":0,"47":0,"48":0,"49":0,"50":0,"51":0,"52":0,"53":0,"54":0,"55":0,"56":0,"57":0,"58":0,"59":0,"60":0,"61":0,"62":0,"63":0,"64":0,"65":0,"66":0,"67":0,"68":0,"69":0,"70":0,"71":0,"72":0,"73":0,"74":0,"75":0,"76":0,"77":0,"78":0,"79":0,"80":0,"81":0,"82":0,"83":0,"84":0,"85":0,"86":0,"87":0,"88":0,"89":0,"90":0,"91":0,"92":0,"93":0,"94":0,"95":0,"96":0,"97":0,"98":0,"99":0,"100":0,"101":1},"b":{"1":[0,0],"2":[0,0],"3":[0,0],"4":[0,0],"5":[0,0],"6":[0,0],"7":[0,0],"8":[0,0],"9":[0,0],"10":[0,0],"11":[0,0],"12":[0,0],"13":[0,0],"14":[0,0],"15":[0,0],"16":[0,0],"17":[0,0],"18":[0,0,0],"19":[0,0],"20":[0,0],"21":[0,0],"22":[0,0],"23":[0,0]},"f":{"1":0,"2":0,"3":0,"4":0,"5":0,"6":0,"7":0,"8":0,"9":0,"10":0,"11":0,"12":0,"13":0,"14":0,"15":0,"16":0,"17":0,"18":0,"19":0,"20":0,"21":0,"22":0},"fnMap":{"1":{"name":"(anonymous_1)","line":13,"loc":{"start":{"line":13,"column":13},"end":{"line":13,"column":25}}},"2":{"name":"(anonymous_2)","line":21,"loc":{"start":{"line":21,"column":18},"end":{"line":21,"column":43}}},"3":{"name":"(anonymous_3)","line":28,"loc":{"start":{"line":28,"column":42},"end":{"line":28,"column":58}}},"4":{"name":"(anonymous_4)","line":42,"loc":{"start":{"line":42,"column":13},"end":{"line":42,"column":33}}},"5":{"name":"(anonymous_5)","line":51,"loc":{"start":{"line":51,"column":13},"end":{"line":51,"column":33}}},"6":{"name":"(anonymous_6)","line":67,"loc":{"start":{"line":67,"column":15},"end":{"line":67,"column":43}}},"7":{"name":"(anonymous_7)","line":75,"loc":{"start":{"line":75,"column":13},"end":{"line":75,"column":32}}},"8":{"name":"(anonymous_8)","line":100,"loc":{"start":{"line":100,"column":30},"end":{"line":100,"column":46}}},"9":{"name":"(anonymous_9)","line":101,"loc":{"start":{"line":101,"column":32},"end":{"line":101,"column":48}}},"10":{"name":"(anonymous_10)","line":108,"loc":{"start":{"line":108,"column":42},"end":{"line":108,"column":67}}},"11":{"name":"(anonymous_11)","line":124,"loc":{"start":{"line":124,"column":22},"end":{"line":124,"column":34}}},"12":{"name":"(anonymous_12)","line":128,"loc":{"start":{"line":128,"column":14},"end":{"line":128,"column":30}}},"13":{"name":"(anonymous_13)","line":132,"loc":{"start":{"line":132,"column":34},"end":{"line":132,"column":56}}},"14":{"name":"(anonymous_14)","line":142,"loc":{"start":{"line":142,"column":38},"end":{"line":142,"column":54}}},"15":{"name":"(anonymous_15)","line":151,"loc":{"start":{"line":151,"column":15},"end":{"line":151,"column":43}}},"16":{"name":"(anonymous_16)","line":155,"loc":{"start":{"line":155,"column":24},"end":{"line":155,"column":43}}},"17":{"name":"(anonymous_17)","line":160,"loc":{"start":{"line":160,"column":41},"end":{"line":160,"column":56}}},"18":{"name":"(anonymous_18)","line":170,"loc":{"start":{"line":170,"column":19},"end":{"line":170,"column":39}}},"19":{"name":"(anonymous_19)","line":173,"loc":{"start":{"line":173,"column":43},"end":{"line":173,"column":62}}},"20":{"name":"(anonymous_20)","line":178,"loc":{"start":{"line":178,"column":22},"end":{"line":178,"column":34}}},"21":{"name":"(anonymous_21)","line":179,"loc":{"start":{"line":179,"column":61},"end":{"line":179,"column":81}}},"22":{"name":"(anonymous_22)","line":186,"loc":{"start":{"line":186,"column":23},"end":{"line":186,"column":43}}}},"statementMap":{"1":{"start":{"line":1,"column":0},"end":{"line":1,"column":31}},"2":{"start":{"line":2,"column":0},"end":{"line":2,"column":23}},"3":{"start":{"line":3,"column":0},"end":{"line":3,"column":27}},"4":{"start":{"line":4,"column":0},"end":{"line":4,"column":27}},"5":{"start":{"line":5,"column":0},"end":{"line":5,"column":49}},"6":{"start":{"line":6,"column":0},"end":{"line":6,"column":37}},"7":{"start":{"line":7,"column":0},"end":{"line":7,"column":33}},"8":{"start":{"line":8,"column":0},"end":{"line":8,"column":42}},"9":{"start":{"line":9,"column":0},"end":{"line":9,"column":33}},"10":{"start":{"line":10,"column":0},"end":{"line":10,"column":33}},"11":{"start":{"line":11,"column":0},"end":{"line":11,"column":31}},"12":{"start":{"line":13,"column":0},"end":{"line":18,"column":2}},"13":{"start":{"line":14,"column":2},"end":{"line":14,"column":23}},"14":{"start":{"line":15,"column":2},"end":{"line":15,"column":48}},"15":{"start":{"line":16,"column":2},"end":{"line":16,"column":34}},"16":{"start":{"line":17,"column":2},"end":{"line":17,"column":43}},"17":{"start":{"line":20,"column":0},"end":{"line":205,"column":2}},"18":{"start":{"line":22,"column":4},"end":{"line":22,"column":20}},"19":{"start":{"line":24,"column":4},"end":{"line":26,"column":5}},"20":{"start":{"line":25,"column":6},"end":{"line":25,"column":16}},"21":{"start":{"line":28,"column":4},"end":{"line":37,"column":13}},"22":{"start":{"line":29,"column":6},"end":{"line":29,"column":48}},"23":{"start":{"line":30,"column":6},"end":{"line":30,"column":39}},"24":{"start":{"line":32,"column":6},"end":{"line":36,"column":7}},"25":{"start":{"line":33,"column":8},"end":{"line":33,"column":62}},"26":{"start":{"line":34,"column":13},"end":{"line":36,"column":7}},"27":{"start":{"line":35,"column":8},"end":{"line":35,"column":57}},"28":{"start":{"line":39,"column":4},"end":{"line":39,"column":18}},"29":{"start":{"line":44,"column":4},"end":{"line":46,"column":5}},"30":{"start":{"line":45,"column":6},"end":{"line":45,"column":16},"skip":true},"31":{"start":{"line":48,"column":4},"end":{"line":48,"column":73}},"32":{"start":{"line":52,"column":4},"end":{"line":52,"column":43}},"33":{"start":{"line":54,"column":4},"end":{"line":56,"column":5}},"34":{"start":{"line":55,"column":6},"end":{"line":55,"column":61}},"35":{"start":{"line":58,"column":4},"end":{"line":58,"column":37}},"36":{"start":{"line":60,"column":4},"end":{"line":62,"column":5}},"37":{"start":{"line":61,"column":6},"end":{"line":61,"column":43}},"38":{"start":{"line":64,"column":4},"end":{"line":64,"column":36}},"39":{"start":{"line":68,"column":4},"end":{"line":68,"column":35}},"40":{"start":{"line":70,"column":4},"end":{"line":70,"column":50}},"41":{"start":{"line":72,"column":4},"end":{"line":72,"column":33}},"42":{"start":{"line":76,"column":4},"end":{"line":76,"column":31}},"43":{"start":{"line":77,"column":4},"end":{"line":77,"column":59}},"44":{"start":{"line":79,"column":4},"end":{"line":121,"column":5}},"45":{"start":{"line":80,"column":6},"end":{"line":80,"column":41}},"46":{"start":{"line":82,"column":6},"end":{"line":84,"column":7}},"47":{"start":{"line":83,"column":8},"end":{"line":83,"column":114}},"48":{"start":{"line":86,"column":6},"end":{"line":90,"column":7}},"49":{"start":{"line":87,"column":8},"end":{"line":87,"column":98}},"50":{"start":{"line":89,"column":8},"end":{"line":89,"column":55}},"51":{"start":{"line":92,"column":6},"end":{"line":96,"column":7}},"52":{"start":{"line":93,"column":8},"end":{"line":93,"column":104}},"53":{"start":{"line":95,"column":8},"end":{"line":95,"column":74}},"54":{"start":{"line":98,"column":6},"end":{"line":98,"column":32}},"55":{"start":{"line":100,"column":6},"end":{"line":120,"column":15}},"56":{"start":{"line":101,"column":8},"end":{"line":119,"column":17}},"57":{"start":{"line":102,"column":10},"end":{"line":102,"column":49}},"58":{"start":{"line":103,"column":10},"end":{"line":103,"column":32}},"59":{"start":{"line":104,"column":10},"end":{"line":104,"column":31}},"60":{"start":{"line":106,"column":10},"end":{"line":118,"column":11}},"61":{"start":{"line":107,"column":12},"end":{"line":113,"column":13}},"62":{"start":{"line":108,"column":14},"end":{"line":112,"column":17}},"63":{"start":{"line":109,"column":16},"end":{"line":111,"column":17}},"64":{"start":{"line":110,"column":18},"end":{"line":110,"column":48}},"65":{"start":{"line":115,"column":12},"end":{"line":115,"column":42}},"66":{"start":{"line":117,"column":12},"end":{"line":117,"column":45}},"67":{"start":{"line":125,"column":4},"end":{"line":125,"column":33}},"68":{"start":{"line":129,"column":4},"end":{"line":129,"column":34}},"69":{"start":{"line":130,"column":4},"end":{"line":130,"column":19}},"70":{"start":{"line":132,"column":4},"end":{"line":134,"column":7}},"71":{"start":{"line":133,"column":6},"end":{"line":133,"column":39}},"72":{"start":{"line":136,"column":4},"end":{"line":136,"column":38}},"73":{"start":{"line":138,"column":4},"end":{"line":140,"column":5}},"74":{"start":{"line":139,"column":6},"end":{"line":139,"column":32}},"75":{"start":{"line":142,"column":4},"end":{"line":146,"column":7}},"76":{"start":{"line":143,"column":6},"end":{"line":143,"column":39}},"77":{"start":{"line":145,"column":6},"end":{"line":145,"column":30}},"78":{"start":{"line":148,"column":4},"end":{"line":148,"column":30}},"79":{"start":{"line":152,"column":4},"end":{"line":152,"column":38}},"80":{"start":{"line":156,"column":4},"end":{"line":165,"column":5}},"81":{"start":{"line":157,"column":6},"end":{"line":157,"column":65}},"82":{"start":{"line":158,"column":6},"end":{"line":158,"column":62}},"83":{"start":{"line":160,"column":6},"end":{"line":164,"column":9}},"84":{"start":{"line":161,"column":8},"end":{"line":163,"column":9}},"85":{"start":{"line":162,"column":10},"end":{"line":162,"column":44}},"86":{"start":{"line":167,"column":4},"end":{"line":167,"column":19}},"87":{"start":{"line":171,"column":4},"end":{"line":171,"column":38}},"88":{"start":{"line":173,"column":4},"end":{"line":175,"column":7}},"89":{"start":{"line":174,"column":6},"end":{"line":174,"column":37}},"90":{"start":{"line":179,"column":4},"end":{"line":183,"column":13}},"91":{"start":{"line":180,"column":6},"end":{"line":182,"column":9}},"92":{"start":{"line":187,"column":4},"end":{"line":201,"column":5}},"93":{"start":{"line":188,"column":6},"end":{"line":188,"column":56}},"94":{"start":{"line":190,"column":6},"end":{"line":192,"column":7}},"95":{"start":{"line":191,"column":8},"end":{"line":191,"column":87}},"96":{"start":{"line":194,"column":6},"end":{"line":194,"column":80}},"97":{"start":{"line":196,"column":6},"end":{"line":200,"column":7}},"98":{"start":{"line":197,"column":8},"end":{"line":197,"column":45}},"99":{"start":{"line":199,"column":8},"end":{"line":199,"column":78}},"100":{"start":{"line":203,"column":4},"end":{"line":203,"column":20}},"101":{"start":{"line":207,"column":0},"end":{"line":207,"column":24}}},"branchMap":{"1":{"line":24,"type":"if","locations":[{"start":{"line":24,"column":4},"end":{"line":24,"column":4}},{"start":{"line":24,"column":4},"end":{"line":24,"column":4}}]},"2":{"line":32,"type":"if","locations":[{"start":{"line":32,"column":6},"end":{"line":32,"column":6}},{"start":{"line":32,"column":6},"end":{"line":32,"column":6}}]},"3":{"line":34,"type":"if","locations":[{"start":{"line":34,"column":13},"end":{"line":34,"column":13}},{"start":{"line":34,"column":13},"end":{"line":34,"column":13}}]},"4":{"line":44,"type":"if","locations":[{"start":{"line":44,"column":4},"end":{"line":44,"column":4},"skip":true},{"start":{"line":44,"column":4},"end":{"line":44,"column":4}}]},"5":{"line":54,"type":"if","locations":[{"start":{"line":54,"column":4},"end":{"line":54,"column":4}},{"start":{"line":54,"column":4},"end":{"line":54,"column":4}}]},"6":{"line":60,"type":"if","locations":[{"start":{"line":60,"column":4},"end":{"line":60,"column":4}},{"start":{"line":60,"column":4},"end":{"line":60,"column":4}}]},"7":{"line":68,"type":"binary-expr","locations":[{"start":{"line":68,"column":15},"end":{"line":68,"column":23}},{"start":{"line":68,"column":27},"end":{"line":68,"column":34}}]},"8":{"line":79,"type":"if","locations":[{"start":{"line":79,"column":4},"end":{"line":79,"column":4}},{"start":{"line":79,"column":4},"end":{"line":79,"column":4}}]},"9":{"line":82,"type":"if","locations":[{"start":{"line":82,"column":6},"end":{"line":82,"column":6}},{"start":{"line":82,"column":6},"end":{"line":82,"column":6}}]},"10":{"line":86,"type":"if","locations":[{"start":{"line":86,"column":6},"end":{"line":86,"column":6}},{"start":{"line":86,"column":6},"end":{"line":86,"column":6}}]},"11":{"line":92,"type":"if","locations":[{"start":{"line":92,"column":6},"end":{"line":92,"column":6}},{"start":{"line":92,"column":6},"end":{"line":92,"column":6}}]},"12":{"line":106,"type":"if","locations":[{"start":{"line":106,"column":10},"end":{"line":106,"column":10}},{"start":{"line":106,"column":10},"end":{"line":106,"column":10}}]},"13":{"line":106,"type":"binary-expr","locations":[{"start":{"line":106,"column":14},"end":{"line":106,"column":42}},{"start":{"line":106,"column":46},"end":{"line":106,"column":68}}]},"14":{"line":107,"type":"if","locations":[{"start":{"line":107,"column":12},"end":{"line":107,"column":12}},{"start":{"line":107,"column":12},"end":{"line":107,"column":12}}]},"15":{"line":109,"type":"if","locations":[{"start":{"line":109,"column":16},"end":{"line":109,"column":16}},{"start":{"line":109,"column":16},"end":{"line":109,"column":16}}]},"16":{"line":109,"type":"binary-expr","locations":[{"start":{"line":109,"column":20},"end":{"line":109,"column":57}},{"start":{"line":109,"column":61},"end":{"line":109,"column":92}}]},"17":{"line":138,"type":"if","locations":[{"start":{"line":138,"column":4},"end":{"line":138,"column":4}},{"start":{"line":138,"column":4},"end":{"line":138,"column":4}}]},"18":{"line":138,"type":"binary-expr","locations":[{"start":{"line":138,"column":8},"end":{"line":138,"column":19}},{"start":{"line":138,"column":23},"end":{"line":138,"column":33}},{"start":{"line":138,"column":37},"end":{"line":138,"column":62}}]},"19":{"line":156,"type":"if","locations":[{"start":{"line":156,"column":4},"end":{"line":156,"column":4}},{"start":{"line":156,"column":4},"end":{"line":156,"column":4}}]},"20":{"line":161,"type":"if","locations":[{"start":{"line":161,"column":8},"end":{"line":161,"column":8}},{"start":{"line":161,"column":8},"end":{"line":161,"column":8}}]},"21":{"line":187,"type":"if","locations":[{"start":{"line":187,"column":4},"end":{"line":187,"column":4}},{"start":{"line":187,"column":4},"end":{"line":187,"column":4}}]},"22":{"line":187,"type":"binary-expr","locations":[{"start":{"line":187,"column":8},"end":{"line":187,"column":32}},{"start":{"line":187,"column":36},"end":{"line":187,"column":68}}]},"23":{"line":190,"type":"if","locations":[{"start":{"line":190,"column":6},"end":{"line":190,"column":6}},{"start":{"line":190,"column":6},"end":{"line":190,"column":6}}]}},"code":["var assert = require('assert');","var fs = require('fs');","var path = require('path');","var glob = require('glob');","var isAbsolutePath = require('path-is-absolute');","var minimatch = require('minimatch');","var resolve = require('resolve');","var ConfigFile = require('./config-file');","var Errors = require('./errors');","var File = require('./pug-file');","var utils = require('./utils');","","var Linter = function () {","  this._basePath = '.';","  this._excludedFileMasks = ['node_modules/**'];","  this._excludedFileMatchers = [];","  this._fileExtensions = ['.pug', '.jade'];","};","","Linter.prototype = {","  checkDirectory: function (directoryPath) {","    var errors = [];","","    if (this._isFileExcluded(directoryPath)) {","      return [];","    }","","    fs.readdirSync(directoryPath).forEach(function (file) {","      var filePath = directoryPath + '/' + file;","      var stat = fs.statSync(filePath);","","      if (stat.isDirectory()) {","        errors = errors.concat(this.checkDirectory(filePath));","      } else if (this._fileExtensions.indexOf(path.extname(filePath)) !== -1) {","        errors = errors.concat(this.checkFile(filePath));","      }","    }, this);","","    return errors;","  },","","  checkFile: function (filePath) {","    /* istanbul ignore if */","    if (this._isFileExcluded(filePath)) {","      return [];","    }","","    return this.checkString(fs.readFileSync(filePath, 'utf8'), filePath);","  },","","  checkPath: function (filePath) {","    filePath = filePath.replace(/\\/$/, '');","","    if (!fs.existsSync(filePath)) {","      throw new Error('Path ' + filePath + ' was not found');","    }","","    var stat = fs.statSync(filePath);","","    if (stat.isDirectory()) {","      return this.checkDirectory(filePath);","    }","","    return this.checkFile(filePath);","  },","","  checkString: function (source, filename) {","    filename = filename || 'input';","","    var file = this._createFile(filename, source);","","    return this._checkFile(file);","  },","","  configure: function (options) {","    this._configuredRules = [];","    this._ruleMasks = [path.join(__dirname, 'rules/*.js')];","","    if (options) {","      this._extendConfiguration(options);","","      if (options.hasOwnProperty('preset')) {","        throw new Error('Presets have been deprecated. See: https://github.com/pugjs/pug-lint#preset-deprecated');","      }","","      if (options.hasOwnProperty('excludeFiles')) {","        assert(Array.isArray(options.excludeFiles), '\"excludeFiles\" option requires array value');","","        this._excludedFileMasks = options.excludeFiles;","      }","","      if (options.hasOwnProperty('additionalRules')) {","        assert(Array.isArray(options.additionalRules), '\"additionalRules\" option requires array value');","","        this._ruleMasks = this._ruleMasks.concat(options.additionalRules);","      }","","      this._loadExcludedFiles();","","      this._ruleMasks.forEach(function (mask) {","        glob.sync(mask).forEach(function (file) {","          var Rule = require(path.resolve(file));","          var rule = new Rule();","          var name = rule.name;","","          if (options.hasOwnProperty(name) && options[name] !== null) {","            if (rule.contradictions) {","              rule.contradictions.forEach(function (contradiction) {","                if (options.hasOwnProperty(contradiction) && options[contradiction] !== null) {","                  options[contradiction] = null;","                }","              });","            }","","            rule.configure(options[name]);","","            this._configuredRules.push(rule);","          }","        }, this);","      }, this);","    }","  },","","  getConfiguredRules: function () {","    return this._configuredRules;","  },","","  _checkFile: function (file) {","    var errors = new Errors(file);","    var firstToken;","","    file.getParseErrors().forEach(function (parseError) {","      errors.addParseError(parseError);","    });","","    firstToken = file.getFirstToken();","","    if (!firstToken || firstToken && firstToken.type === 'eos') {","      return errors.getErrors();","    }","","    this.getConfiguredRules().forEach(function (rule) {","      errors.setCurrentRule(rule.name);","","      rule.lint(file, errors);","    });","","    return errors.getErrors();","  },","","  _createFile: function (filename, source) {","    return new File(filename, source);","  },","","  _extendConfiguration: function (options) {","    if (options.hasOwnProperty('extends')) {","      var configPath = this._resolveExtendsFile(options.extends);","      var configOptions = ConfigFile.loadFromFile(configPath);","","      Object.keys(configOptions).forEach(function (key) {","        if (!options.hasOwnProperty(key)) {","          options[key] = configOptions[key];","        }","      });","    }","","    return options;","  },","","  _isFileExcluded: function (filePath) {","    filePath = path.resolve(filePath);","","    return this._excludedFileMatchers.some(function (matcher) {","      return matcher.match(filePath);","    });","  },","","  _loadExcludedFiles: function () {","    this._excludedFileMatchers = this._excludedFileMasks.map(function (fileMask) {","      return new minimatch.Minimatch(path.resolve(this._basePath, fileMask), {","        dot: true","      });","    }, this);","  },","","  _resolveExtendsFile: function (filePath) {","    if (isAbsolutePath(filePath) || !/\\w|@/.test(filePath.charAt(0))) {","      filePath = path.resolve(this._basePath, filePath);","","      if (!fs.existsSync(filePath)) {","        throw new Error('Cannot find configuration file \"' + filePath + '\" to extend');","      }","    } else {","      var packageName = utils.normalizePackageName(filePath, 'pug-lint-config');","","      try {","        filePath = resolve.sync(packageName);","      } catch (err) {","        throw new Error('Cannot find module \"' + packageName + '\" to extend');","      }","    }","","    return filePath;","  }","};","","module.exports = Linter;",""],"l":{"1":1,"2":1,"3":1,"4":1,"5":1,"6":1,"7":1,"8":1,"9":1,"10":1,"11":1,"13":1,"14":0,"15":0,"16":0,"17":0,"20":1,"22":0,"24":0,"25":0,"28":0,"29":0,"30":0,"32":0,"33":0,"34":0,"35":0,"39":0,"44":0,"45":1,"48":0,"52":0,"54":0,"55":0,"58":0,"60":0,"61":0,"64":0,"68":0,"70":0,"72":0,"76":0,"77":0,"79":0,"80":0,"82":0,"83":0,"86":0,"87":0,"89":0,"92":0,"93":0,"95":0,"98":0,"100":0,"101":0,"102":0,"103":0,"104":0,"106":0,"107":0,"108":0,"109":0,"110":0,"115":0,"117":0,"125":0,"129":0,"130":0,"132":0,"133":0,"136":0,"138":0,"139":0,"142":0,"143":0,"145":0,"148":0,"152":0,"156":0,"157":0,"158":0,"160":0,"161":0,"162":0,"167":0,"171":0,"173":0,"174":0,"179":0,"180":0,"187":0,"188":0,"190":0,"191":0,"194":0,"196":0,"197":0,"199":0,"203":0,"207":1}},"/home/travis/build/npmtest/node-npmtest-pug-lint/node_modules/pug-lint/lib/config-file.js":{"path":"/home/travis/build/npmtest/node-npmtest-pug-lint/node_modules/pug-lint/lib/config-file.js","s":{"1":1,"2":1,"3":1,"4":1,"5":1,"6":1,"7":0,"8":0,"9":0,"10":0,"11":0,"12":0,"13":1,"14":0,"15":0,"16":0,"17":0,"18":0,"19":0,"20":0,"21":0,"22":0,"23":0,"24":0,"25":0,"26":0,"27":0,"28":1,"29":0,"30":0,"31":0,"32":0,"33":0,"34":0,"35":0,"36":0,"37":0,"38":0,"39":0,"40":1,"41":0,"42":0,"43":0,"44":0,"45":0,"46":0,"47":0,"48":0,"49":0,"50":1,"51":0,"52":0,"53":0,"54":0,"55":0,"56":0,"57":0,"58":0,"59":0,"60":0,"61":0,"62":0,"63":0,"64":1,"65":0,"66":0,"67":0,"68":0,"69":0,"70":0,"71":0,"72":0,"73":0,"74":0,"75":0,"76":1,"77":0,"78":0,"79":0},"b":{"1":[0,0],"2":[0,0],"3":[0,0],"4":[0,0],"5":[0,0],"6":[0,0],"7":[0,0],"8":[0,0],"9":[0,0],"10":[0,0],"11":[0,0],"12":[0,0],"13":[0,0],"14":[0,0],"15":[0,0],"16":[0,0],"17":[0,0]},"f":{"1":0,"2":0,"3":0,"4":0,"5":0,"6":0,"7":0,"8":0},"fnMap":{"1":{"name":"(anonymous_1)","line":16,"loc":{"start":{"line":16,"column":21},"end":{"line":16,"column":50}}},"2":{"name":"(anonymous_2)","line":29,"loc":{"start":{"line":29,"column":22},"end":{"line":29,"column":42}}},"3":{"name":"(anonymous_3)","line":57,"loc":{"start":{"line":57,"column":15},"end":{"line":57,"column":38}}},"4":{"name":"(anonymous_4)","line":66,"loc":{"start":{"line":66,"column":52},"end":{"line":66,"column":74}}},"5":{"name":"(anonymous_5)","line":82,"loc":{"start":{"line":82,"column":23},"end":{"line":82,"column":45}}},"6":{"name":"(anonymous_6)","line":101,"loc":{"start":{"line":101,"column":32},"end":{"line":101,"column":44}}},"7":{"name":"findup","line":126,"loc":{"start":{"line":126,"column":0},"end":{"line":126,"column":39}}},"8":{"name":"filterPatterns","line":145,"loc":{"start":{"line":145,"column":2},"end":{"line":145,"column":35}}}},"statementMap":{"1":{"start":{"line":1,"column":0},"end":{"line":1,"column":23}},"2":{"start":{"line":2,"column":0},"end":{"line":2,"column":27}},"3":{"start":{"line":3,"column":0},"end":{"line":3,"column":27}},"4":{"start":{"line":4,"column":0},"end":{"line":4,"column":55}},"5":{"start":{"line":6,"column":0},"end":{"line":14,"column":2}},"6":{"start":{"line":16,"column":0},"end":{"line":27,"column":2}},"7":{"start":{"line":17,"column":2},"end":{"line":19,"column":3}},"8":{"start":{"line":18,"column":4},"end":{"line":18,"column":11}},"9":{"start":{"line":21,"column":2},"end":{"line":21,"column":51}},"10":{"start":{"line":22,"column":2},"end":{"line":22,"column":46}},"11":{"start":{"line":24,"column":2},"end":{"line":24,"column":33}},"12":{"start":{"line":26,"column":2},"end":{"line":26,"column":106}},"13":{"start":{"line":29,"column":0},"end":{"line":55,"column":2}},"14":{"start":{"line":30,"column":2},"end":{"line":30,"column":17}},"15":{"start":{"line":31,"column":2},"end":{"line":31,"column":13}},"16":{"start":{"line":33,"column":2},"end":{"line":40,"column":3}},"17":{"start":{"line":34,"column":4},"end":{"line":34,"column":35}},"18":{"start":{"line":35,"column":4},"end":{"line":35,"column":55}},"19":{"start":{"line":37,"column":4},"end":{"line":39,"column":5}},"20":{"start":{"line":38,"column":6},"end":{"line":38,"column":70}},"21":{"start":{"line":42,"column":2},"end":{"line":46,"column":3}},"22":{"start":{"line":43,"column":4},"end":{"line":43,"column":33}},"23":{"start":{"line":45,"column":4},"end":{"line":45,"column":18}},"24":{"start":{"line":48,"column":2},"end":{"line":52,"column":3}},"25":{"start":{"line":49,"column":4},"end":{"line":51,"column":18}},"26":{"start":{"line":50,"column":6},"end":{"line":50,"column":33}},"27":{"start":{"line":54,"column":2},"end":{"line":54,"column":44}},"28":{"start":{"line":57,"column":0},"end":{"line":80,"column":2}},"29":{"start":{"line":58,"column":2},"end":{"line":58,"column":14}},"30":{"start":{"line":59,"column":2},"end":{"line":59,"column":39}},"31":{"start":{"line":61,"column":2},"end":{"line":63,"column":3}},"32":{"start":{"line":62,"column":4},"end":{"line":62,"column":46}},"33":{"start":{"line":65,"column":2},"end":{"line":73,"column":4}},"34":{"start":{"line":67,"column":6},"end":{"line":69,"column":7}},"35":{"start":{"line":68,"column":8},"end":{"line":68,"column":52}},"36":{"start":{"line":71,"column":6},"end":{"line":71,"column":18}},"37":{"start":{"line":75,"column":2},"end":{"line":77,"column":3}},"38":{"start":{"line":76,"column":4},"end":{"line":76,"column":19}},"39":{"start":{"line":79,"column":2},"end":{"line":79,"column":38}},"40":{"start":{"line":82,"column":0},"end":{"line":99,"column":2}},"41":{"start":{"line":83,"column":2},"end":{"line":83,"column":14}},"42":{"start":{"line":84,"column":2},"end":{"line":84,"column":10}},"43":{"start":{"line":86,"column":2},"end":{"line":96,"column":3}},"44":{"start":{"line":87,"column":4},"end":{"line":87,"column":35}},"45":{"start":{"line":89,"column":4},"end":{"line":93,"column":5}},"46":{"start":{"line":90,"column":6},"end":{"line":90,"column":36}},"47":{"start":{"line":92,"column":6},"end":{"line":92,"column":83}},"48":{"start":{"line":95,"column":4},"end":{"line":95,"column":36}},"49":{"start":{"line":98,"column":2},"end":{"line":98,"column":17}},"50":{"start":{"line":101,"column":0},"end":{"line":124,"column":2}},"51":{"start":{"line":102,"column":2},"end":{"line":102,"column":14}},"52":{"start":{"line":103,"column":2},"end":{"line":103,"column":87}},"53":{"start":{"line":104,"column":2},"end":{"line":104,"column":8}},"54":{"start":{"line":105,"column":2},"end":{"line":105,"column":13}},"55":{"start":{"line":106,"column":2},"end":{"line":106,"column":8}},"56":{"start":{"line":107,"column":2},"end":{"line":107,"column":10}},"57":{"start":{"line":109,"column":2},"end":{"line":123,"column":3}},"58":{"start":{"line":111,"column":4},"end":{"line":113,"column":5}},"59":{"start":{"line":112,"column":6},"end":{"line":112,"column":15},"skip":true},"60":{"start":{"line":115,"column":4},"end":{"line":122,"column":5}},"61":{"start":{"line":116,"column":6},"end":{"line":116,"column":61}},"62":{"start":{"line":119,"column":6},"end":{"line":121,"column":7}},"63":{"start":{"line":120,"column":8},"end":{"line":120,"column":23},"skip":true},"64":{"start":{"line":126,"column":0},"end":{"line":152,"column":1}},"65":{"start":{"line":127,"column":2},"end":{"line":127,"column":15}},"66":{"start":{"line":128,"column":2},"end":{"line":128,"column":11}},"67":{"start":{"line":130,"column":2},"end":{"line":130,"column":35}},"68":{"start":{"line":131,"column":2},"end":{"line":131,"column":23}},"69":{"start":{"line":132,"column":2},"end":{"line":132,"column":42}},"70":{"start":{"line":134,"column":2},"end":{"line":143,"column":37}},"71":{"start":{"line":135,"column":4},"end":{"line":135,"column":46}},"72":{"start":{"line":137,"column":4},"end":{"line":139,"column":5}},"73":{"start":{"line":138,"column":6},"end":{"line":138,"column":42}},"74":{"start":{"line":141,"column":4},"end":{"line":141,"column":27}},"75":{"start":{"line":142,"column":4},"end":{"line":142,"column":50}},"76":{"start":{"line":145,"column":2},"end":{"line":151,"column":3}},"77":{"start":{"line":146,"column":4},"end":{"line":146,"column":52}},"78":{"start":{"line":148,"column":4},"end":{"line":150,"column":5}},"79":{"start":{"line":149,"column":6},"end":{"line":149,"column":52}}},"branchMap":{"1":{"line":17,"type":"if","locations":[{"start":{"line":17,"column":2},"end":{"line":17,"column":2}},{"start":{"line":17,"column":2},"end":{"line":17,"column":2}}]},"2":{"line":26,"type":"cond-expr","locations":[{"start":{"line":26,"column":48},"end":{"line":26,"column":95}},{"start":{"line":26,"column":98},"end":{"line":26,"column":105}}]},"3":{"line":26,"type":"binary-expr","locations":[{"start":{"line":26,"column":9},"end":{"line":26,"column":16}},{"start":{"line":26,"column":20},"end":{"line":26,"column":45}}]},"4":{"line":26,"type":"binary-expr","locations":[{"start":{"line":26,"column":48},"end":{"line":26,"column":69}},{"start":{"line":26,"column":73},"end":{"line":26,"column":95}}]},"5":{"line":33,"type":"if","locations":[{"start":{"line":33,"column":2},"end":{"line":33,"column":2}},{"start":{"line":33,"column":2},"end":{"line":33,"column":2}}]},"6":{"line":37,"type":"if","locations":[{"start":{"line":37,"column":4},"end":{"line":37,"column":4}},{"start":{"line":37,"column":4},"end":{"line":37,"column":4}}]},"7":{"line":48,"
[...]
e.g.: `2`","//","// Indentation must be consistently two spaces.","//","// ```pug","// //- Invalid","// div","// <TAB>div","//","// //- Valid","// div","// <SPACE><SPACE>div","// ```","//","// ## e.g.: `\"\\t\"`","//","// Indentation must be consistently tabs.","//","// ```pug","// //- Invalid","// div","// <SPACE><SPACE>div","//","// //- Valid","// div","// <TAB>div","// ```","","var assert = require('assert');","","module.exports = function () {};","","module.exports.prototype = {","  name: 'validateIndentation',","","  schema: {","    anyOf: [","      {","        enum: [null, '\\t']","      },","      {","        type: 'integer'","      }","    ]","  },","","  configure: function (options) {","    assert((typeof options === 'number' && options > 0) || options === '\\t'","        , this.name + ' option requires a positive number of spaces or \"\\\\t\"');","","    if (typeof options === 'number') {","      this._indentSize = options;","    } else {","      this._indentSize = 1;","    }","  },","","  lint: function (file, errors) {","    var indentSize = this._indentSize;","    var currentIndent = 0;","","    file.iterateTokensByType(['indent', 'outdent'], function (token) {","      if (token.val) {","        currentIndent += indentSize;","      } else {","        currentIndent -= indentSize;","      }","","      if (token.val && token.val !== currentIndent) {","        errors.add('Invalid indentation', token.line, token.col);","      }","    });","  }","};",""],"l":{"31":1,"33":1,"35":1,"50":0,"53":0,"54":0,"56":0,"61":0,"62":0,"64":0,"65":0,"66":0,"68":0,"71":0,"72":0}},"/home/travis/build/npmtest/node-npmtest-pug-lint/node_modules/pug-lint/lib/rules/validate-line-breaks.js":{"path":"/home/travis/build/npmtest/node-npmtest-pug-lint/node_modules/pug-lint/lib/rules/validate-line-breaks.js","s":{"1":1,"2":1,"3":1,"4":0,"5":0,"6":0,"7":0,"8":0,"9":0,"10":0,"11":0,"12":0,"13":0},"b":{"1":[0,0,0],"2":[0,0],"3":[0,0]},"f":{"1":0,"2":0,"3":0,"4":0},"fnMap":{"1":{"name":"(anonymous_1)","line":19,"loc":{"start":{"line":19,"column":17},"end":{"line":19,"column":29}}},"2":{"name":"(anonymous_2)","line":28,"loc":{"start":{"line":28,"column":13},"end":{"line":28,"column":32}}},"3":{"name":"(anonymous_3)","line":41,"loc":{"start":{"line":41,"column":8},"end":{"line":41,"column":32}}},"4":{"name":"(anonymous_4)","line":48,"loc":{"start":{"line":48,"column":30},"end":{"line":48,"column":54}}}},"statementMap":{"1":{"start":{"line":17,"column":0},"end":{"line":17,"column":31}},"2":{"start":{"line":19,"column":0},"end":{"line":19,"column":32}},"3":{"start":{"line":21,"column":0},"end":{"line":55,"column":2}},"4":{"start":{"line":29,"column":4},"end":{"line":30,"column":64}},"5":{"start":{"line":32,"column":4},"end":{"line":36,"column":6}},"6":{"start":{"line":38,"column":4},"end":{"line":38,"column":42}},"7":{"start":{"line":42,"column":4},"end":{"line":42,"column":32}},"8":{"start":{"line":44,"column":4},"end":{"line":46,"column":5}},"9":{"start":{"line":45,"column":6},"end":{"line":45,"column":13}},"10":{"start":{"line":48,"column":4},"end":{"line":53,"column":13}},"11":{"start":{"line":49,"column":6},"end":{"line":51,"column":7}},"12":{"start":{"line":50,"column":8},"end":{"line":50,"column":65}},"13":{"start":{"line":52,"column":6},"end":{"line":52,"column":23}}},"branchMap":{"1":{"line":29,"type":"binary-expr","locations":[{"start":{"line":29,"column":11},"end":{"line":29,"column":27}},{"start":{"line":29,"column":31},"end":{"line":29,"column":47}},{"start":{"line":29,"column":51},"end":{"line":29,"column":69}}]},"2":{"line":44,"type":"if","locations":[{"start":{"line":44,"column":4},"end":{"line":44,"column":4}},{"start":{"line":44,"column":4},"end":{"line":44,"column":4}}]},"3":{"line":49,"type":"if","locations":[{"start":{"line":49,"column":6},"end":{"line":49,"column":6}},{"start":{"line":49,"column":6},"end":{"line":49,"column":6}}]}},"code":["// # validateLineBreaks: `\"CR\"` | `\"LF\"` | `\"CRLF\"`","//","// ## e.g.: `\"LF\"`","//","// All line break characters must match.","//","// ```pug","// //- Invalid","// div(class='class')<CRLF>","// .button","//","// //- Valid","// div(class='class')<LF>","// .button","// ```","","var assert = require('assert');","","module.exports = function () {};","","module.exports.prototype = {","  name: 'validateLineBreaks',","","  schema: {","    enum: [null, 'CR', 'LF', 'CRLF']","  },","","  configure: function (options) {","    assert(options === 'CR' || options === 'LF' || options === 'CRLF'","        , this.name + ' option requires \"CR\", \"LF\", or \"CRLF\"');","","    var lineBreaks = {","      CR: '\\r',","      LF: '\\n',","      CRLF: '\\r\\n'","    };","","    this._lineBreak = lineBreaks[options];","  },","","  lint: function (file, errors) {","    var lines = file.getLines();","","    if (lines.length < 2) {","      return;","    }","","    file.getLineBreaks().some(function (lineBreak, i) {","      if (lineBreak !== this._lineBreak) {","        errors.add('Invalid line break', i + 1, lines[i].length);","      }","      return lineBreak;","    }, this);","  }","};",""],"l":{"17":1,"19":1,"21":1,"29":0,"32":0,"38":0,"42":0,"44":0,"45":0,"48":0,"49":0,"50":0,"52":0}},"/home/travis/build/npmtest/node-npmtest-pug-lint/node_modules/pug-lint/lib/rules/validate-self-closing-tags.js":{"path":"/home/travis/build/npmtest/node-npmtest-pug-lint/node_modules/pug-lint/lib/rules/validate-self-closing-tags.js","s":{"1":1,"2":1,"3":1,"4":1,"5":0,"6":0,"7":0,"8":0,"9":0,"10":0,"11":0,"12":0,"13":0},"b":{"1":[0,0],"2":[0,0],"3":[0,0]},"f":{"1":0,"2":0,"3":0,"4":0,"5":0},"fnMap":{"1":{"name":"(anonymous_1)","line":24,"loc":{"start":{"line":24,"column":17},"end":{"line":24,"column":29}}},"2":{"name":"(anonymous_2)","line":33,"loc":{"start":{"line":33,"column":13},"end":{"line":33,"column":32}}},"3":{"name":"(anonymous_3)","line":37,"loc":{"start":{"line":37,"column":8},"end":{"line":37,"column":32}}},"4":{"name":"(anonymous_4)","line":40,"loc":{"start":{"line":40,"column":40},"end":{"line":40,"column":57}}},"5":{"name":"(anonymous_5)","line":45,"loc":{"start":{"line":45,"column":38},"end":{"line":45,"column":55}}}},"statementMap":{"1":{"start":{"line":21,"column":0},"end":{"line":21,"column":43}},"2":{"start":{"line":22,"column":0},"end":{"line":22,"column":32}},"3":{"start":{"line":24,"column":0},"end":{"line":24,"column":32}},"4":{"start":{"line":26,"column":0},"end":{"line":54,"column":2}},"5":{"start":{"line":34,"column":4},"end":{"line":34,"column":50}},"6":{"start":{"line":38,"column":4},"end":{"line":38,"column":14}},"7":{"start":{"line":40,"column":4},"end":{"line":42,"column":7}},"8":{"start":{"line":41,"column":6},"end":{"line":41,"column":34}},"9":{"start":{"line":44,"column":4},"end":{"line":52,"column":5}},"10":{"start":{"line":45,"column":6},"end":{"line":51,"column":9}},"11":{"start":{"line":46,"column":8},"end":{"line":46,"column":56}},"12":{"start":{"line":48,"column":8},"end":{"line":50,"column":9}},"13":{"start":{"line":49,"column":10},"end":{"line":49,"column":84}}},"branchMap":{"1":{"line":44,"type":"if","locations":[{"start":{"line":44,"column":4},"end":{"line":44,"column":4}},{"start":{"line":44,"column":4},"end":{"line":44,"column":4}}]},"2":{"line":48,"type":"if","locations":[{"start":{"line":48,"column":8},"end":{"line":48,"column":8}},{"start":{"line":48,"column":8},"end":{"line":48,"column":8}}]},"3":{"line":48,"type":"binary-expr","locations":[{"start":{"line":48,"column":12},"end":{"line":48,"column":38}},{"start":{"line":48,"column":42},"end":{"line":48,"column":64}}]}},"code":["// # validateSelfClosingTags: `true`","//","// Checks that Pug does not contain any","// [unnecessary self closing tags](http://www.w3.org/html/wg/drafts/html/master/syntax.html#void-elements).","// Files with `doctype xml` are ignored.","//","// ```pug","// //- Invalid","// area/","// link/","//","// //- Valid","// area","// link","// foo/","//","// doctype xml","// area/","// ```","","var selfClosing = require('void-elements');","var utils = require('../utils');","","module.exports = function () {};","","module.exports.prototype = {","  name: 'validateSelfClosingTags',","","  schema: {","    enum: [null, true]","  },","","  configure: function (options) {","    utils.validateTrueOptions(this.name, options);","  },","","  lint: function (file, errors) {","    var isXml;","","    file.iterateTokensByType('doctype', function (token) {","      isXml = token.val === 'xml';","    });","","    if (!isXml) {","      file.iterateTokensByType('tag', function (token) {","        var nextToken = file.getToken(token._index + 1);","","        if (nextToken.type === 'slash' && selfClosing[token.val]) {","          errors.add('Unnecessary self closing tag', nextToken.line, nextToken.col);","        }","      });","    }","  }","};",""],"l":{"21":1,"22":1,"24":1,"26":1,"34":0,"38":0,"40":0,"41":0,"44":0,"45":0,"46":0,"48":0,"49":0}},"/home/travis/build/npmtest/node-npmtest-pug-lint/node_modules/pug-lint/lib/rules/validate-template-string.js":{"path":"/home/travis/build/npmtest/node-npmtest-pug-lint/node_modules/pug-lint/lib/rules/validate-template-string.js","s":{"1":1,"2":1,"3":1,"4":1,"5":1,"6":0,"7":0,"8":0,"9":0,"10":0,"11":0,"12":0,"13":0,"14":0,"15":0,"16":0,"17":0,"18":0,"19":0,"20":0,"21":0,"22":0,"23":0,"24":0,"25":0,"26":0,"27":0,"28":0,"29":0,"30":0,"31":0,"32":1,"33":0,"34":0},"b":{"1":[0,0],"2":[0,0],"3":[0,0,0,0,0],"4":[0,0],"5":[0,0],"6":[0,0],"7":[0,0],"8":[0,0],"9":[0,0,0,0],"10":[0,0],"11":[0,0],"12":[0,0],"13":[0,0],"14":[0,0,0]},"f":{"1":0,"2":0,"3":0,"4":0,"5":0,"6":0,"7":0,"8":0,"9":0,"10":0,"11":0},"fnMap":{"1":{"name":"(anonymous_1)","line":47,"loc":{"start":{"line":47,"column":17},"end":{"line":47,"column":29}}},"2":{"name":"(anonymous_2)","line":66,"loc":{"start":{"line":66,"column":13},"end":{"line":66,"column":32}}},"3":{"name":"(anonymous_3)","line":76,"loc":{"start":{"line":76,"column":38},"end":{"line":76,"column":59}}},"4":{"name":"(anonymous_4)","line":83,"loc":{"start":{"line":83,"column":8},"end":{"line":83,"column":32}}},"5":{"name":"(anonymous_5)","line":86,"loc":{"start":{"line":86,"column":31},"end":{"line":86,"column":48}}},"6":{"name":"(anonymous_6)","line":90,"loc":{"start":{"line":90,"column":7},"end":{"line":90,"column":24}}},"7":{"name":"(anonymous_7)","line":92,"loc":{"start":{"line":92,"column":38},"end":{"line":92,"column":53}}},"8":{"name":"(anonymous_8)","line":96,"loc":{"start":{"line":96,"column":29},"end":{"line":96,"column":56}}},"9":{"name":"(anonymous_9)","line":119,"loc":{"start":{"line":119,"column":38},"end":{"line":119,"column":61}}},"10":{"name":"(anonymous_10)","line":123,"loc":{"start":{"line":123,"column":30},"end":{"line":123,"column":46}}},"11":{"name":"isTmpl","line":128,"loc":{"start":{"line":128,"column":14},"end":{"line":128,"column":36}}}},"statementMap":{"1":{"start":{"line":41,"column":0},"end":{"line":41,"column":31}},"2":{"start":{"line":43,"column":0},"end":{"line":43,"column":43}},"3":{"start":{"line":45,"column":0},"end":{"line":45,"column":32}},"4":{"start":{"line":47,"column":0},"end":{"line":47,"column":32}},"5":{"start":{"line":49,"column":0},"end":{"line":139,"column":2}},"6":{"start":{"line":67,"column":4},"end":{"line":67,"column":130}},"7":{"start":{"line":69,"column":4},"end":{"line":80,"column":5}},"8":{"start":{"line":70,"column":6},"end":{"line":74,"column":8}},"9":{"start":{"line":76,"column":6},"end":{"line":79,"column":13}},"10":{"start":{"line":77,"column":8},"end":{"line":77,"column":25}},"11":{"start":{"line":78,"column":8},"end":{"line":78,"column":20}},"12":{"start":{"line":84,"column":4},"end":{"line":84,"column":21}},"13":{"start":{"line":86,"column":4},"end":{"line":137,"column":7}},"14":{"start":{"line":87,"column":6},"end":{"line":89,"column":68}},"15":{"start":{"line":91,"column":6},"end":{"line":116,"column":7}},"16":{"start":{"line":92,"column":8},"end":{"line":115,"column":53}},"17":{"start":{"line":93,"column":10},"end":{"line":93,"column":23}},"18":{"start":{"line":95,"column":10},"end":{"line":112,"column":13}},"19":{"start":{"line":97,"column":14},"end":{"line":99,"column":15}},"20":{"start":{"line":98,"column":16},"end":{"line":98,"column":23}},"21":{"start":{"line":101,"column":14},"end":{"line":102,"column":41}},"22":{"start":{"line":103,"column":14},"end":{"line":106,"column":48}},"23":{"start":{"line":108,"column":14},"end":{"line":110,"column":15}},"24":{"start":{"line":109,"column":16},"end":{"line":109,"column":31}},"25":{"start":{"line":114,"column":10},"end":{"line":114,"column":21}},"26":{"start":{"line":118,"column":6},"end":{"line":136,"column":7}},"27":{"start":{"line":119,"column":8},"end":{"line":135,"column":61}},"28":{"start":{"line":120,"column":10},"end":{"line":120,"column":23}},"29":{"start":{"line":122,"column":10},"end":{"line":132,"column":13}},"30":{"start":{"line":124,"column":14},"end":{"line":126,"column":15}},"31":{"start":{"line":125,"column":16},"end":{"line":125,"column":73}},"32":{"start":{"line":128,"column":14},"end":{"line":130,"column":15}},"33":{"start":{"line":129,"column":16},"end":{"line":129,"column":55}},"34":{"start":{"line":134,"column":10},"end":{"line":134,"column":21}}},"branchMap":{"1":{"line":67,"type":"binary-expr","locations":[{"start":{"line":67,"column":11},"end":{"line":67,"column":27}},{"start":{"line":67,"column":31},"end":{"line":67,"column":53}}]},"2":{"line":69,"type":"if","locations":[{"start":{"line":69,"column":4},"end":{"line":69,"column":4}},{"start":{"line":69,"column":4},"end":{"line":69,"column":4}}]},"3":{"line":87,"type":"binary-expr","locations":[{"start":{"line":87,"column":13},"end":{"line":87,"column":34}},{"start":{"line":87,"column":38},"end":{"line":87,"column":50}},{"start":{"line":88,"column":8},"end":{"line":88,"column":42}},{"start":{"line":89,"column":8},"end":{"line":89,"column":34}},{"start":{"line":89,"column":38},"end":{"line":89,"column":67}}]},"4":{"line":91,"type":"if","locations":[{"start":{"line":91,"column":6},"end":{"line":91,"column":6}},{"start":{"line":91,"column":6},"end":{"line":91,"column":6}}]},"5":{"line":91,"type":"binary-expr","locations":[{"start":{"line":91,"column":10},"end":{"line":91,"column":32}},{"start":{"line":91,"column":36},"end":{"line":91,"column":60}}]},"6":{"line":97,"type":"if","locations":[{"start":{"line":97,"column":14},"end":{"line":97,"column":14}},{"start":{"line":97,"column":14},"end":{"line":97,"column":14}}]},"7":{"line":97,"type":"binary-expr","locations":[{"start":{"line":97,"column":18},"end":{"line":97,"column":38}},{"start":{"line":97,"column":42},"end":{"line":97,"column":109}}]},"8":{"line":101,"type":"binary-expr","locations":[{"start":{"line":101,"column":32},"end":{"line":101,"column":54}},{"start":{"line":102,"column":16},"end":{"line":102,"column":40}}]},"9":{"line":103,"type":"binary-expr","locations":[{"start":{"line":103,"column":34},"end":{"line":103,"column":58}},{"start":{"line":104,"column":16},"end":{"line":104,"column":40}},{"start":{"line":105,"column":16},"end":{"line":105,"column":47}},{"start":{"line":106,"column":16},"end":{"line":106,"column":47}}]},"10":{"line":108,"type":"if","locations":[{"start":{"line":108,"column":14},"end":{"line":108,"column":14}},{"start":{"line":108,"column":14},"end":{"line":108,"column":14}}]},"11":{"line":108,"type":"binary-expr","locations":[{"start":{"line":108,"column":18},"end":{"line":108,"column":29}},{"start":{"line":108,"column":33},"end":{"line":108,"column":46}}]},"12":{"line":118,"type":"if","locations":[{"start":{"line":118,"column":6},"end":{"line":118,"column":6}},{"start":{"line":118,"column":6},"end":{"line":118,"column":6}}]},"13":{"line":124,"type":"if","locations":[{"start":{"line":124,"column":14},"end":{"line":124,"column":14}},{"start":{"line":124,"column":14},"end":{"line":124,"column":14}}]},"14":{"line":124,"type":"binary-expr","locations":[{"start":{"line":124,"column":18},"end":{"line":124,"column":39}},{"start":{"line":124,"column":44},"end":{"line":124,"column":61}},{"start":{"line":124,"column":65},"end":{"line":124,"column":83}}]}},"code":["// # validateTemplateString: `true` | Array","//","// Validate the use of template string in Pug templates.","//","// The option can either be an array or `true`. If it is an array, it can","// contain the following strings. If it is `true` signifies all of the","// following subrules are enabled.","//","// ## `'variable'`","//","// ```pug","// //- Invalid","// h1= `${title}`","//","// //- Valid","// h1= title","// ```","//","// ## `'string'`","//","// ```pug","// //- Invalid","// h1= `title`","//","// //- Valid","// h1= 'title'","// ```","//","// ## `'concatenation'`","//","// ```pug","// //- Invalid","// h1= `title` + `text`","// h1= `title` + variable","//","// //- Valid","// h1= `titletext`","// h1= `title${variable}`","// ```","","var assert = require('assert');","","var acornWalk = require('acorn/dist/walk');","","var utils = require('../utils');","","module.exports = function () {};","","module.exports.prototype = {","  name: 'validateTemplateString',","","  schema: {","    anyOf: [","      {","        enum: [null, true]","      },","      {","        type: 'array',","        items: {","          enum: ['variable', 'string', 'concatenation']","        }","      }","    ]","  },","","  configure: function (options) {","    assert(options === true || Array.isArray(options), this.name + ' option requires a true or array value or should be removed');","","    if (options === true) {","      this._subrules = {","        variable: true,","        string: true,","        concatenation: true","      };","    } else {","      this._subrules = options.reduce(function (prev, cur) {","        prev[cur] = true;","        return prev;","      }, {});","    }","  },","","  lint: function (file, errors) {","    var _this = this;","","    file.iterateTokensByFilter(function (token) {","      return token.type === 'code' && token.buffer ||","        token.type === 'interpolated-code' ||","        token.type === 'attribute' && typeof token.val === 'string';","    }, function (token) {","      if (_this._subrules.string || _this._subrules.variable) {","        file.addErrorWithAcorn(token, function (ast) {","          var out = [];","","          acornWalk.ancestor(ast, {","            TemplateLiteral: function (node, ancestors) {","              if (ancestors.length > 1 && ancestors[ancestors.length - 2].type === 'TaggedTemplateExpression') {","                return;","              }","","              var canBeString = _this._subrules.string &&","                !node.expressions.length;","              var canBeVariable = _this._subrules.variable &&","                node.quasis.length === 2 &&","                node.quasis[0].value.raw === '' &&","                node.quasis[1].value.raw === '';","","              if (canBeString || canBeVariable) {","                out.push(node);","              }","            }","          });","","          return out;","        }, errors, 'Template string is unnecessary');","      }","","      if (_this._subrules.concatenation) {","        file.addErrorWithAcorn(token, function (ast, tokens) {","          var out = [];","","          acornWalk.simple(ast, {","            BinaryExpression: function (node) {","              if (node.operator === '+' && (isTmpl(node.left) || isTmpl(node.right))) {","                out.push(utils.getNextAcornToken(tokens, node.left.end));","              }","","              function isTmpl(node) {","                return node.type === 'TemplateLiteral';","              }","            }","          });","","          return out;","        }, errors, 'Unneeded template string concatenation');","      }","    });","  }","};",""],"l":{"41":1,"43":1,"45":1,"47":1,"49":1,"67":0,"69":0,"70":0,"76":0,"77":0,"78":0,"84":0,"86":0,"87":0,"91":0,"92":0,"93":0,"95":0,"97":0,"98":0,"101":0,"103":0,"108":0,"109":0,"114":0,"118":0,"119":0,"120":0,"122":0,"124":0,"125":0,"128":1,"129":0,"134":0}}}